{"/home/travis/build/npmtest/node-npmtest-nunjucks/test.js":{"path":"/home/travis/build/npmtest/node-npmtest-nunjucks/test.js","s":{"1":2,"2":2,"3":2,"4":2,"5":2,"6":2,"7":2,"8":1,"9":2,"10":2,"11":1,"12":1,"13":1,"14":1,"15":2,"16":2,"17":2,"18":2,"19":1,"20":1,"21":2,"22":2,"23":2,"24":1,"25":1,"26":1,"27":1,"28":1,"29":1,"30":1,"31":1,"32":1,"33":1,"34":1,"35":1,"36":1,"37":2,"38":2,"39":1,"40":2,"41":2,"42":1,"43":2,"44":2,"45":1,"46":2,"47":2,"48":1,"49":1,"50":1,"51":1,"52":1},"b":{"1":[2,1,1,1],"2":[1,1,1,1],"3":[1,1],"4":[1,1],"5":[1,1],"6":[1,1],"7":[1,1],"8":[1,1],"9":[1,1,1],"10":[1,1],"11":[1,1],"12":[1,1],"13":[1,1],"14":[1,1],"15":[1,1],"16":[1,1]},"f":{"1":2,"2":2,"3":2,"4":2,"5":2,"6":1,"7":1,"8":2,"9":2,"10":2,"11":2,"12":1},"fnMap":{"1":{"name":"(anonymous_1)","line":12,"loc":{"start":{"line":12,"column":1},"end":{"line":12,"column":13}}},"2":{"name":"(anonymous_2)","line":19,"loc":{"start":{"line":19,"column":5},"end":{"line":19,"column":17}}},"3":{"name":"(anonymous_3)","line":23,"loc":{"start":{"line":23,"column":24},"end":{"line":23,"column":36}}},"4":{"name":"(anonymous_4)","line":61,"loc":{"start":{"line":61,"column":5},"end":{"line":61,"column":17}}},"5":{"name":"(anonymous_5)","line":82,"loc":{"start":{"line":82,"column":5},"end":{"line":82,"column":17}}},"6":{"name":"(anonymous_6)","line":102,"loc":{"start":{"line":102,"column":83},"end":{"line":105,"column":10}},"skip":true},"7":{"name":"(anonymous_7)","line":113,"loc":{"start":{"line":113,"column":77},"end":{"line":116,"column":10}},"skip":true},"8":{"name":"(anonymous_8)","line":129,"loc":{"start":{"line":129,"column":12},"end":{"line":129,"column":40}},"skip":true},"9":{"name":"(anonymous_9)","line":137,"loc":{"start":{"line":137,"column":77},"end":{"line":140,"column":10}},"skip":true},"10":{"name":"(anonymous_10)","line":148,"loc":{"start":{"line":148,"column":83},"end":{"line":151,"column":10}},"skip":true},"11":{"name":"(anonymous_11)","line":159,"loc":{"start":{"line":159,"column":79},"end":{"line":162,"column":10}},"skip":true},"12":{"name":"(anonymous_12)","line":170,"loc":{"start":{"line":170,"column":75},"end":{"line":173,"column":10}},"skip":true}},"statementMap":{"1":{"start":{"line":12,"column":0},"end":{"line":185,"column":5}},"2":{"start":{"line":14,"column":4},"end":{"line":14,"column":14}},"3":{"start":{"line":19,"column":4},"end":{"line":56,"column":9}},"4":{"start":{"line":21,"column":8},"end":{"line":21,"column":19}},"5":{"start":{"line":23,"column":8},"end":{"line":35,"column":13}},"6":{"start":{"line":24,"column":12},"end":{"line":34,"column":13}},"7":{"start":{"line":25,"column":16},"end":{"line":28,"column":30}},"8":{"start":{"line":30,"column":16},"end":{"line":33,"column":27}},"9":{"start":{"line":37,"column":8},"end":{"line":39,"column":21}},"10":{"start":{"line":40,"column":8},"end":{"line":53,"column":9}},"11":{"start":{"line":43,"column":12},"end":{"line":46,"column":14}},"12":{"start":{"line":47,"column":12},"end":{"line":47,"column":18}},"13":{"start":{"line":50,"column":12},"end":{"line":51,"column":46}},"14":{"start":{"line":52,"column":12},"end":{"line":52,"column":18}},"15":{"start":{"line":55,"column":8},"end":{"line":55,"column":35}},"16":{"start":{"line":61,"column":4},"end":{"line":63,"column":9}},"17":{"start":{"line":62,"column":8},"end":{"line":62,"column":15}},"18":{"start":{"line":64,"column":4},"end":{"line":77,"column":5}},"19":{"start":{"line":70,"column":8},"end":{"line":70,"column":14}},"20":{"start":{"line":76,"column":8},"end":{"line":76,"column":14}},"21":{"start":{"line":82,"column":4},"end":{"line":84,"column":9}},"22":{"start":{"line":83,"column":8},"end":{"line":83,"column":15}},"23":{"start":{"line":85,"column":4},"end":{"line":184,"column":5}},"24":{"start":{"line":92,"column":8},"end":{"line":94,"column":63}},"25":{"start":{"line":95,"column":8},"end":{"line":95,"column":14}},"26":{"start":{"line":102,"column":8},"end":{"line":111,"column":10},"skip":true},"27":{"start":{"line":109,"column":12},"end":{"line":109,"column":55},"skip":true},"28":{"start":{"line":110,"column":12},"end":{"line":110,"column":48},"skip":true},"29":{"start":{"line":113,"column":8},"end":{"line":126,"column":10},"skip":true},"30":{"start":{"line":120,"column":12},"end":{"line":120,"column":76},"skip":true},"31":{"start":{"line":121,"column":12},"end":{"line":121,"column":73},"skip":true},"32":{"start":{"line":122,"column":12},"end":{"line":122,"column":74},"skip":true},"33":{"start":{"line":123,"column":12},"end":{"line":123,"column":79},"skip":true},"34":{"start":{"line":124,"column":12},"end":{"line":124,"column":25},"skip":true},"35":{"start":{"line":125,"column":12},"end":{"line":125,"column":45},"skip":true},"36":{"start":{"line":128,"column":8},"end":{"line":135,"column":14},"skip":true},"37":{"start":{"line":133,"column":16},"end":{"line":133,"column":29},"skip":true},"38":{"start":{"line":134,"column":16},"end":{"line":134,"column":55},"skip":true},"39":{"start":{"line":137,"column":8},"end":{"line":146,"column":10},"skip":true},"40":{"start":{"line":144,"column":12},"end":{"line":144,"column":25},"skip":true},"41":{"start":{"line":145,"column":12},"end":{"line":145,"column":45},"skip":true},"42":{"start":{"line":148,"column":8},"end":{"line":157,"column":10},"skip":true},"43":{"start":{"line":155,"column":12},"end":{"line":155,"column":25},"skip":true},"44":{"start":{"line":156,"column":12},"end":{"line":156,"column":48},"skip":true},"45":{"start":{"line":159,"column":8},"end":{"line":168,"column":10},"skip":true},"46":{"start":{"line":166,"column":12},"end":{"line":166,"column":25},"skip":true},"47":{"start":{"line":167,"column":12},"end":{"line":167,"column":46},"skip":true},"48":{"start":{"line":170,"column":8},"end":{"line":179,"column":10},"skip":true},"49":{"start":{"line":177,"column":12},"end":{"line":177,"column":94},"skip":true},"50":{"start":{"line":178,"column":12},"end":{"line":178,"column":48},"skip":true},"51":{"start":{"line":182,"column":8},"end":{"line":182,"column":35},"skip":true},"52":{"start":{"line":183,"column":8},"end":{"line":183,"column":14},"skip":true}},"branchMap":{"1":{"line":25,"type":"binary-expr","locations":[{"start":{"line":25,"column":23},"end":{"line":25,"column":62}},{"start":{"line":26,"column":20},"end":{"line":26,"column":70}},{"start":{"line":27,"column":20},"end":{"line":27,"column":71}},{"start":{"line":28,"column":20},"end":{"line":28,"column":29}}]},"2":{"line":30,"type":"binary-expr","locations":[{"start":{"line":30,"column":23},"end":{"line":30,"column":37}},{"start":{"line":31,"column":20},"end":{"line":31,"column":61}},{"start":{"line":32,"column":20},"end":{"line":32,"column":70}},{"start":{"line":33,"column":20},"end":{"line":33,"column":26}}]},"3":{"line":37,"type":"cond-expr","locations":[{"start":{"line":38,"column":14},"end":{"line":38,"column":20}},{"start":{"line":39,"column":14},"end":{"line":39,"column":20}}]},"4":{"line":40,"type":"switch","locations":[{"start":{"line":42,"column":8},"end":{"line":47,"column":18}},{"start":{"line":49,"column":8},"end":{"line":52,"column":18}}]},"5":{"line":44,"type":"binary-expr","locations":[{"start":{"line":44,"column":16},"end":{"line":44,"column":44}},{"start":{"line":44,"column":48},"end":{"line":44,"column":66}}]},"6":{"line":50,"type":"binary-expr","locations":[{"start":{"line":50,"column":21},"end":{"line":50,"column":49}},{"start":{"line":50,"column":53},"end":{"line":50,"column":72}}]},"7":{"line":64,"type":"switch","locations":[{"start":{"line":69,"column":4},"end":{"line":70,"column":14}},{"start":{"line":75,"column":4},"end":{"line":76,"column":14}}]},"8":{"line":85,"type":"switch","locations":[{"start":{"line":90,"column":4},"end":{"line":95,"column":14}},{"start":{"line":101,"column":4},"end":{"line":183,"column":14},"skip":true}]},"9":{"line":92,"type":"binary-expr","locations":[{"start":{"line":92,"column":18},"end":{"line":92,"column":32}},{"start":{"line":93,"column":12},"end":{"line":93,"column":53}},{"start":{"line":94,"column":12},"end":{"line":94,"column":61}}]},"10":{"line":102,"type":"binary-expr","locations":[{"start":{"line":102,"column":45},"end":{"line":102,"column":79},"skip":true},{"start":{"line":102,"column":83},"end":{"line":111,"column":9},"skip":true}]},"11":{"line":113,"type":"binary-expr","locations":[{"start":{"line":113,"column":42},"end":{"line":113,"column":73},"skip":true},{"start":{"line":113,"column":77},"end":{"line":126,"column":9},"skip":true}]},"12":{"line":128,"type":"binary-expr","locations":[{"start":{"line":128,"column":48},"end":{"line":128,"column":85},"skip":true},{"start":{"line":129,"column":12},"end":{"line":135,"column":13},"skip":true}]},"13":{"line":137,"type":"binary-expr","locations":[{"start":{"line":137,"column":42},"end":{"line":137,"column":73},"skip":true},{"start":{"line":137,"column":77},"end":{"line":146,"column":9},"skip":true}]},"14":{"line":148,"type":"binary-expr","locations":[{"start":{"line":148,"column":45},"end":{"line":148,"column":79},"skip":true},{"start":{"line":148,"column":83},"end":{"line":157,"column":9},"skip":true}]},"15":{"line":159,"type":"binary-expr","locations":[{"start":{"line":159,"column":43},"end":{"line":159,"column":75},"skip":true},{"start":{"line":159,"column":79},"end":{"line":168,"column":9},"skip":true}]},"16":{"line":170,"type":"binary-expr","locations":[{"start":{"line":170,"column":41},"end":{"line":170,"column":71},"skip":true},{"start":{"line":170,"column":75},"end":{"line":179,"column":9},"skip":true}]}},"code":["/* istanbul instrument in package npmtest_nunjucks */","/*jslint","    bitwise: true,","    browser: true,","    maxerr: 8,","    maxlen: 96,","    node: true,","    nomen: true,","    regexp: true,","    stupid: true","*/","(function () {","    'use strict';","    var local;","","","","    // run shared js-env code - pre-init","    (function () {","        // init local","        local = {};","        // init modeJs","        local.modeJs = (function () {","            try {","                return typeof navigator.userAgent === 'string' &&","                    typeof document.querySelector('body') === 'object' &&","                    typeof XMLHttpRequest.prototype.open === 'function' &&","                    'browser';","            } catch (errorCaughtBrowser) {","                return module.exports &&","                    typeof process.versions.node === 'string' &&","                    typeof require('http').createServer === 'function' &&","                    'node';","            }","        }());","        // init global","        local.global = local.modeJs === 'browser'","            ? window","            : global;","        switch (local.modeJs) {","        // re-init local from window.local","        case 'browser':","            local = local.global.utility2.objectSetDefault(","                local.global.utility2_rollup || local.global.local,","                local.global.utility2","            );","            break;","        // re-init local from example.js","        case 'node':","            local = (local.global.utility2_rollup || require('utility2'))","                .requireExampleJsFromReadme();","            break;","        }","        // export local","        local.global.local = local;","    }());","","","","    // run shared js-env code - function","    (function () {","        return;","    }());","    switch (local.modeJs) {","","","","    // run browser js-env code - function","    case 'browser':","        break;","","","","    // run node js-env code - function","    case 'node':","        break;","    }","","","","    // run shared js-env code - post-init","    (function () {","        return;","    }());","    switch (local.modeJs) {","","","","    // run browser js-env code - post-init","    case 'browser':","        // run tests","        local.nop(local.modeTest &&","            document.querySelector('#testRunButton1') &&","            document.querySelector('#testRunButton1').click());","        break;","","","","    // run node js-env code - post-init","    /* istanbul ignore next */","    case 'node':","        local.testCase_buildApidoc_default = local.testCase_buildApidoc_default || function (","            options,","            onError","        ) {","        /*","         * this function will test buildApidoc's default handling-behavior-behavior","         */","            options = { modulePathList: module.paths };","            local.buildApidoc(options, onError);","        };","","        local.testCase_buildApp_default = local.testCase_buildApp_default || function (","            options,","            onError","        ) {","        /*","         * this function will test buildApp's default handling-behavior-behavior","         */","            local.testCase_buildReadme_default(options, local.onErrorThrow);","            local.testCase_buildLib_default(options, local.onErrorThrow);","            local.testCase_buildTest_default(options, local.onErrorThrow);","            local.testCase_buildCustomOrg_default(options, local.onErrorThrow);","            options = [];","            local.buildApp(options, onError);","        };","","        local.testCase_buildCustomOrg_default = local.testCase_buildCustomOrg_default ||","            function (options, onError) {","            /*","             * this function will test buildCustomOrg's default handling-behavior","             */","                options = {};","                local.buildCustomOrg(options, onError);","            };","","        local.testCase_buildLib_default = local.testCase_buildLib_default || function (","            options,","            onError","        ) {","        /*","         * this function will test buildLib's default handling-behavior","         */","            options = {};","            local.buildLib(options, onError);","        };","","        local.testCase_buildReadme_default = local.testCase_buildReadme_default || function (","            options,","            onError","        ) {","        /*","         * this function will test buildReadme's default handling-behavior-behavior","         */","            options = {};","            local.buildReadme(options, onError);","        };","","        local.testCase_buildTest_default = local.testCase_buildTest_default || function (","            options,","            onError","        ) {","        /*","         * this function will test buildTest's default handling-behavior","         */","            options = {};","            local.buildTest(options, onError);","        };","","        local.testCase_webpage_default = local.testCase_webpage_default || function (","            options,","            onError","        ) {","        /*","         * this function will test webpage's default handling-behavior","         */","            options = { modeCoverageMerge: true, url: local.serverLocalHost + '?modeTest=1' };","            local.browserTest(options, onError);","        };","","        // run test-server","        local.testRunServer(local);","        break;","    }","}());",""],"l":{"12":2,"14":2,"19":2,"21":2,"23":2,"24":2,"25":2,"30":1,"37":2,"40":2,"43":1,"47":1,"50":1,"52":1,"55":2,"61":2,"62":2,"64":2,"70":1,"76":1,"82":2,"83":2,"85":2,"92":1,"95":1,"102":1,"109":1,"110":1,"113":1,"120":1,"121":1,"122":1,"123":1,"124":1,"125":1,"128":1,"133":2,"134":2,"137":1,"144":2,"145":2,"148":1,"155":2,"156":2,"159":1,"166":2,"167":2,"170":1,"177":1,"178":1,"182":1,"183":1}},"/home/travis/build/npmtest/node-npmtest-nunjucks/lib.npmtest_nunjucks.js":{"path":"/home/travis/build/npmtest/node-npmtest-nunjucks/lib.npmtest_nunjucks.js","s":{"1":2,"2":2,"3":2,"4":2,"5":2,"6":2,"7":2,"8":1,"9":2,"10":2,"11":2,"12":2,"13":1,"14":1,"15":1,"16":1},"b":{"1":[2,1,1,1],"2":[1,1,1,1],"3":[1,1],"4":[2,2],"5":[1,1]},"f":{"1":2,"2":2,"3":2},"fnMap":{"1":{"name":"(anonymous_1)","line":12,"loc":{"start":{"line":12,"column":1},"end":{"line":12,"column":13}}},"2":{"name":"(anonymous_2)","line":19,"loc":{"start":{"line":19,"column":5},"end":{"line":19,"column":17}}},"3":{"name":"(anonymous_3)","line":23,"loc":{"start":{"line":23,"column":24},"end":{"line":23,"column":36}}}},"statementMap":{"1":{"start":{"line":12,"column":0},"end":{"line":53,"column":5}},"2":{"start":{"line":14,"column":4},"end":{"line":14,"column":14}},"3":{"start":{"line":19,"column":4},"end":{"line":52,"column":9}},"4":{"start":{"line":21,"column":8},"end":{"line":21,"column":19}},"5":{"start":{"line":23,"column":8},"end":{"line":35,"column":13}},"6":{"start":{"line":24,"column":12},"end":{"line":34,"column":13}},"7":{"start":{"line":25,"column":16},"end":{"line":28,"column":30}},"8":{"start":{"line":30,"column":16},"end":{"line":33,"column":27}},"9":{"start":{"line":37,"column":8},"end":{"line":39,"column":21}},"10":{"start":{"line":41,"column":8},"end":{"line":41,"column":54}},"11":{"start":{"line":43,"column":8},"end":{"line":43,"column":53}},"12":{"start":{"line":45,"column":8},"end":{"line":51,"column":9}},"13":{"start":{"line":46,"column":12},"end":{"line":46,"column":59}},"14":{"start":{"line":48,"column":12},"end":{"line":48,"column":35}},"15":{"start":{"line":49,"column":12},"end":{"line":49,"column":49}},"16":{"start":{"line":50,"column":12},"end":{"line":50,"column":43}}},"branchMap":{"1":{"line":25,"type":"binary-expr","locations":[{"start":{"line":25,"column":23},"end":{"line":25,"column":62}},{"start":{"line":26,"column":20},"end":{"line":26,"column":70}},{"start":{"line":27,"column":20},"end":{"line":27,"column":71}},{"start":{"line":28,"column":20},"end":{"line":28,"column":29}}]},"2":{"line":30,"type":"binary-expr","locations":[{"start":{"line":30,"column":23},"end":{"line":30,"column":37}},{"start":{"line":31,"column":20},"end":{"line":31,"column":61}},{"start":{"line":32,"column":20},"end":{"line":32,"column":70}},{"start":{"line":33,"column":20},"end":{"line":33,"column":26}}]},"3":{"line":37,"type":"cond-expr","locations":[{"start":{"line":38,"column":14},"end":{"line":38,"column":20}},{"start":{"line":39,"column":14},"end":{"line":39,"column":20}}]},"4":{"line":41,"type":"binary-expr","locations":[{"start":{"line":41,"column":16},"end":{"line":41,"column":44}},{"start":{"line":41,"column":48},"end":{"line":41,"column":53}}]},"5":{"line":45,"type":"if","locations":[{"start":{"line":45,"column":8},"end":{"line":45,"column":8}},{"start":{"line":45,"column":8},"end":{"line":45,"column":8}}]}},"code":["/* istanbul instrument in package npmtest_nunjucks */","/*jslint","    bitwise: true,","    browser: true,","    maxerr: 8,","    maxlen: 96,","    node: true,","    nomen: true,","    regexp: true,","    stupid: true","*/","(function () {","    'use strict';","    var local;","","","","    // run shared js-env code - pre-init","    (function () {","        // init local","        local = {};","        // init modeJs","        local.modeJs = (function () {","            try {","                return typeof navigator.userAgent === 'string' &&","                    typeof document.querySelector('body') === 'object' &&","                    typeof XMLHttpRequest.prototype.open === 'function' &&","                    'browser';","            } catch (errorCaughtBrowser) {","                return module.exports &&","                    typeof process.versions.node === 'string' &&","                    typeof require('http').createServer === 'function' &&","                    'node';","            }","        }());","        // init global","        local.global = local.modeJs === 'browser'","            ? window","            : global;","        // init utility2_rollup","        local = local.global.utility2_rollup || local;","        // init lib","        local.local = local.npmtest_nunjucks = local;","        // init exports","        if (local.modeJs === 'browser') {","            local.global.utility2_npmtest_nunjucks = local;","        } else {","            module.exports = local;","            module.exports.__dirname = __dirname;","            module.exports.module = module;","        }","    }());","}());",""],"l":{"12":2,"14":2,"19":2,"21":2,"23":2,"24":2,"25":2,"30":1,"37":2,"41":2,"43":2,"45":2,"46":1,"48":1,"49":1,"50":1}},"/home/travis/build/npmtest/node-npmtest-nunjucks/example.js":{"path":"/home/travis/build/npmtest/node-npmtest-nunjucks/example.js","s":{"1":2,"2":2,"3":2,"4":2,"5":2,"6":2,"7":2,"8":1,"9":2,"10":2,"11":2,"12":2,"13":1,"14":2,"15":2,"16":2,"17":2,"18":2,"19":0,"20":2,"21":1,"22":1,"23":1,"24":1,"25":1,"26":0,"27":0,"28":1,"29":1,"30":2,"31":0,"32":0,"33":0,"34":1,"35":2,"36":2,"37":2,"38":2,"39":2,"40":2,"41":0,"42":2,"43":2,"44":2,"45":1,"46":3,"47":1,"48":1,"49":1,"50":1,"51":1,"52":1,"53":1,"54":1,"55":1,"56":1,"57":0,"58":1,"59":6,"60":6,"61":1,"62":2,"63":0,"64":2,"65":1,"66":1,"67":0,"68":0,"69":0,"70":0,"71":0,"72":0,"73":0,"74":0,"75":0,"76":0,"77":0,"78":0,"79":0,"80":0,"81":0,"82":0,"83":0},"b":{"1":[2,1,1,1],"2":[1,1,1,1],"3":[1,1],"4":[2,2],"5":[1,1],"6":[1,1],"7":[2,0],"8":[2,1,1,1,1,1],"9":[0,2,0],"10":[1,1],"11":[2,1,1],"12":[1,0],"13":[0,2],"14":[2,0,0,0,0,0,0],"15":[0,2],"16":[2,0],"17":[1,1],"18":[0,1],"19":[1,2,0,2],"20":[1,0],"21":[1,1],"22":[0,0],"23":[0,0],"24":[0,0],"25":[0,0],"26":[0,0],"27":[0,0],"28":[0,0]},"f":{"1":2,"2":2,"3":2,"4":2,"5":2,"6":2,"7":2,"8":2,"9":3,"10":1,"11":6,"12":0},"fnMap":{"1":{"name":"(anonymous_1)","line":26,"loc":{"start":{"line":26,"column":1},"end":{"line":26,"column":13}}},"2":{"name":"(anonymous_2)","line":33,"loc":{"start":{"line":33,"column":5},"end":{"line":33,"column":17}}},"3":{"name":"(anonymous_3)","line":37,"loc":{"start":{"line":37,"column":24},"end":{"line":37,"column":36}}},"4":{"name":"(anonymous_4)","line":69,"loc":{"start":{"line":69,"column":31},"end":{"line":69,"column":48}},"skip":true},"5":{"name":"(anonymous_5)","line":78,"loc":{"start":{"line":78,"column":26},"end":{"line":78,"column":45}},"skip":true},"6":{"name":"(anonymous_6)","line":123,"loc":{"start":{"line":123,"column":33},"end":{"line":123,"column":48}},"skip":true},"7":{"name":"(anonymous_7)","line":125,"loc":{"start":{"line":125,"column":27},"end":{"line":125,"column":39}},"skip":true},"8":{"name":"(anonymous_8)","line":133,"loc":{"start":{"line":133,"column":59},"end":{"line":133,"column":74}},"skip":true},"9":{"name":"(anonymous_9)","line":143,"loc":{"start":{"line":143,"column":45},"end":{"line":143,"column":62}},"skip":true},"10":{"name":"(anonymous_10)","line":144,"loc":{"start":{"line":144,"column":73},"end":{"line":144,"column":92}},"skip":true},"11":{"name":"(anonymous_11)","line":272,"loc":{"start":{"line":272,"column":51},"end":{"line":272,"column":77}},"skip":true},"12":{"name":"(anonymous_12)","line":314,"loc":{"start":{"line":314,"column":32},"end":{"line":314,"column":61}},"skip":true}},"statementMap":{"1":{"start":{"line":26,"column":0},"end":{"line":325,"column":5}},"2":{"start":{"line":28,"column":4},"end":{"line":28,"column":14}},"3":{"start":{"line":33,"column":4},"end":{"line":60,"column":9}},"4":{"start":{"line":35,"column":8},"end":{"line":35,"column":19}},"5":{"start":{"line":37,"column":8},"end":{"line":49,"column":13}},"6":{"start":{"line":38,"column":12},"end":{"line":48,"column":13}},"7":{"start":{"line":39,"column":16},"end":{"line":42,"column":30}},"8":{"start":{"line":44,"column":16},"end":{"line":47,"column":27}},"9":{"start":{"line":51,"column":8},"end":{"line":53,"column":21}},"10":{"start":{"line":55,"column":8},"end":{"line":57,"column":45}},"11":{"start":{"line":59,"column":8},"end":{"line":59,"column":35}},"12":{"start":{"line":61,"column":4},"end":{"line":324,"column":5}},"13":{"start":{"line":69,"column":8},"end":{"line":121,"column":10},"skip":true},"14":{"start":{"line":70,"column":12},"end":{"line":88,"column":13},"skip":true},"15":{"start":{"line":76,"column":16},"end":{"line":87,"column":19},"skip":true},"16":{"start":{"line":79,"column":20},"end":{"line":86,"column":21},"skip":true},"17":{"start":{"line":82,"column":24},"end":{"line":82,"column":43},"skip":true},"18":{"start":{"line":83,"column":24},"end":{"line":83,"column":30},"skip":true},"19":{"start":{"line":85,"column":24},"end":{"line":85,"column":49},"skip":true},"20":{"start":{"line":89,"column":12},"end":{"line":107,"column":13},"skip":true},"21":{"start":{"line":92,"column":16},"end":{"line":102,"column":17},"skip":true},"22":{"start":{"line":93,"column":20},"end":{"line":93,"column":86},"skip":true},"23":{"start":{"line":94,"column":20},"end":{"line":95,"column":45},"skip":true},"24":{"start":{"line":96,"column":20},"end":{"line":96,"column":42},"skip":true},"25":{"start":{"line":97,"column":20},"end":{"line":97,"column":48},"skip":true},"26":{"start":{"line":100,"column":20},"end":{"line":100,"column":85},"skip":true},"27":{"start":{"line":101,"column":20},"end":{"line":101,"column":96},"skip":true},"28":{"start":{"line":103,"column":16},"end":{"line":103,"column":22},"skip":true},"29":{"start":{"line":106,"column":16},"end":{"line":106,"column":22},"skip":true},"30":{"start":{"line":108,"column":12},"end":{"line":120,"column":13},"skip":true},"31":{"start":{"line":114,"column":16},"end":{"line":119,"column":17},"skip":true},"32":{"start":{"line":116,"column":20},"end":{"line":116,"column":78},"skip":true},"33":{"start":{"line":118,"column":20},"end":{"line":118,"column":53},"skip":true},"34":{"start":{"line":123,"column":8},"end":{"line":141,"column":11},"skip":true},"35":{"start":{"line":124,"column":12},"end":{"line":124,"column":54},"skip":true},"36":{"start":{"line":125,"column":12},"end":{"line":140,"column":14},"skip":true},"37":{"start":{"line":126,"column":16},"end":{"line":126,"column":28},"skip":true},"38":{"start":{"line":127,"column":16},"end":{"line":127,"column":69},"skip":true},"39":{"start":{"line":128,"column":16},"end":{"line":128,"column":75},"skip":true},"40":{"start":{"line":129,"column":16},"end":{"line":131,"column":17},"skip":true},"41":{"start":{"line":130,"column":20},"end":{"line":130,"column":27},"skip":true},"42":{"start":{"line":133,"column":16},"end":{"line":137,"column":36},"skip":true},"43":{"start":{"line":134,"column":20},"end":{"line":136,"column":55},"skip":true},"44":{"start":{"line":139,"column":16},"end":{"line":139,"column":57},"skip":true},"45":{"start":{"line":143,"column":8},"end":{"line":147,"column":11},"skip":true},"46":{"start":{"line":144,"column":12},"end":{"line":146,"column":15},"skip":true},"47":{"start":{"line":145,"column":16},"end":{"line":145,"column":70},"skip":true},"48":{"start":{"line":149,"column":8},"end":{"line":149,"column":31},"skip":true},"49":{"start":{"line":150,"column":8},"end":{"line":150,"column":14},"skip":true},"50":{"start":{"line":158,"column":8},"end":{"line":158,"column":31},"skip":true},"51":{"start":{"line":160,"column":8},"end":{"line":160,"column":33},"skip":true},"52":{"start":{"line":161,"column":8},"end":{"line":161,"column":37},"skip":true},"53":{"start":{"line":162,"column":8},"end":{"line":162,"column":35},"skip":true},"54":{"start":{"line":164,"column":8},"end":{"line":164,"column":50},"skip":true},"55":{"start":{"line":166,"column":8},"end":{"line":256,"column":2},"skip":true},"56":{"start":{"line":258,"column":8},"end":{"line":286,"column":9},"skip":true},"57":{"start":{"line":259,"column":12},"end":{"line":269,"column":14},"skip":true},"58":{"start":{"line":271,"column":12},"end":{"line":285,"column":19},"skip":true},"59":{"start":{"line":274,"column":20},"end":{"line":274,"column":35},"skip":true},"60":{"start":{"line":275,"column":20},"end":{"line":284,"column":21},"skip":true},"61":{"start":{"line":277,"column":24},"end":{"line":277,"column":64},"skip":true},"62":{"start":{"line":279,"column":24},"end":{"line":279,"column":40},"skip":true},"63":{"start":{"line":281,"column":24},"end":{"line":281,"column":40},"skip":true},"64":{"start":{"line":283,"column":24},"end":{"line":283,"column":39},"skip":true},"65":{"start":{"line":288,"column":8},"end":{"line":290,"column":9},"skip":true},"66":{"start":{"line":289,"column":12},"end":{"line":289,"column":18},"skip":true},"67":{"start":{"line":291,"column":8},"end":{"line":293,"column":54},"skip":true},"68":{"start":{"line":294,"column":8},"end":{"line":301,"column":37},"skip":true},"69":{"start":{"line":302,"column":8},"end":{"line":302,"column":82},"skip":true},"70":{"start":{"line":305,"column":8},"end":{"line":307,"column":9},"skip":true},"71":{"start":{"line":306,"column":12},"end":{"line":306,"column":82},"skip":true},"72":{"start":{"line":309,"column":8},"end":{"line":311,"column":9},"skip":true},"73":{"start":{"line":310,"column":12},"end":{"line":310,"column":18},"skip":true},"74":{"start":{"line":312,"column":8},"end":{"line":312,"column":54},"skip":true},"75":{"start":{"line":313,"column":8},"end":{"line":313,"column":69},"skip":true},"76":{"start":{"line":314,"column":8},"end":{"line":322,"column":36},"skip":true},"77":{"start":{"line":315,"column":12},"end":{"line":315,"column":61},"skip":true},"78":{"start":{"line":316,"column":12},"end":{"line":319,"column":13},"skip":true},"79":{"start":{"line":317,"column":16},"end":{"line":317,"column":75},"skip":true},"80":{"start":{"line":318,"column":16},"end":{"line":318,"column":23},"skip":true},"81":{"start":{"line":320,"column":12},"end":{"line":320,"column":38},"skip":true},"82":{"start":{"line":321,"column":12},"end":{"line":321,"column":27},"skip":true},"83":{"start":{"line":323,"column":8},"end":{"line":323,"column":14},"skip":true}},"branchMap":{"1":{"line":39,"type":"binary-expr","locations":[{"start":{"line":39,"column":23},"end":{"line":39,"column":62}},{"start":{"line":40,"column":20},"end":{"line":40,"column":70}},{"start":{"line":41,"column":20},"end":{"line":41,"column":71}},{"start":{"line":42,"column":20},"end":{"line":42,"column":29}}]},"2":{"line":44,"type":"binary-expr","locations":[{"start":{"line":44,"column":23},"end":{"line":44,"column":37}},{"start":{"line":45,"column":20},"end":{"line":45,"column":61}},{"start":{"line":46,"column":20},"end":{"line":46,"column":70}},{"start":{"line":47,"column":20},"end":{"line":47,"column":26}}]},"3":{"line":51,"type":"cond-expr","locations":[{"start":{"line":52,"column":14},"end":{"line":52,"column":20}},{"start":{"line":53,"column":14},"end":{"line":53,"column":20}}]},"4":{"line":55,"type":"binary-expr","locations":[{"start":{"line":55,"column":16},"end":{"line":55,"column":44}},{"start":{"line":55,"column":49},"end":{"line":57,"column":43}}]},"5":{"line":55,"type":"cond-expr","locations":[{"start":{"line":56,"column":14},"end":{"line":56,"column":52}},{"start":{"line":57,"column":14},"end":{"line":57,"column":43}}]},"6":{"line":61,"type":"switch","locations":[{"start":{"line":68,"column":4},"end":{"line":150,"column":14},"skip":true},{"start":{"line":156,"column":4},"end":{"line":323,"column":14},"skip":true}]},"7":{"line":70,"type":"if","locations":[{"start":{"line":70,"column":12},"end":{"line":70,"column":12},"skip":true},{"start":{"line":70,"column":12},"end":{"line":70,"column":12},"skip":true}]},"8":{"line":70,"type":"binary-expr","locations":[{"start":{"line":70,"column":16},"end":{"line":70,"column":22},"skip":true},{"start":{"line":70,"column":27},"end":{"line":70,"column":32},"skip":true},{"start":{"line":71,"column":20},"end":{"line":71,"column":39},"skip":true},{"start":{"line":72,"column":20},"end":{"line":72,"column":49},"skip":true},{"start":{"line":73,"column":20},"end":{"line":73,"column":58},"skip":true},{"start":{"line":74,"column":20},"end":{"line":74,"column":69},"skip":true}]},"9":{"line":79,"type":"switch","locations":[{"start":{"line":80,"column":20},"end":{"line":80,"column":33},"skip":true},{"start":{"line":81,"column":20},"end":{"line":83,"column":30},"skip":true},{"start":{"line":84,"column":20},"end":{"line":85,"column":49},"skip":true}]},"10":{"line":89,"type":"switch","locations":[{"start":{"line":90,"column":12},"end":{"line":103,"column":22},"skip":true},{"start":{"line":105,"column":12},"end":{"line":106,"column":22},"skip":true}]},"11":{"line":89,"type":"binary-expr","locations":[{"start":{"line":89,"column":20},"end":{"line":89,"column":25},"skip":true},{"start":{"line":89,"column":29},"end":{"line":89,"column":48},"skip":true},{"start":{"line":89,"column":52},"end":{"line":89,"column":74},"skip":true}]},"12":{"line":92,"type":"if","locations":[{"start":{"line":92,"column":16},"end":{"line":92,"column":16},"skip":true},{"start":{"line":92,"column":16},"end":{"line":92,"column":16},"skip":true}]},"13":{"line":108,"type":"if","locations":[{"start":{"line":108,"column":12},"end":{"line":108,"column":12},"skip":true},{"start":{"line":108,"column":12},"end":{"line":108,"column":12},"skip":true}]},"14":{"line":108,"type":"binary-expr","locations":[{"start":{"line":108,"column":16},"end":{"line":108,"column":61},"skip":true},{"start":{"line":108,"column":66},"end":{"line":108,"column":72},"skip":true},{"start":{"line":108,"column":77},"end":{"line":108,"column":82},"skip":true},{"start":{"line":109,"column":20},"end":{"line":109,"column":39},"skip":true},{"start":{"line":110,"column":20},"end":{"line":110,"column":49},"skip":true},{"start":{"line":111,"column":20},"end":{"line":111,"column":58},"skip":true},{"start":{"line":112,"column":20},"end":{"line":112,"column":68},"skip":true}]},"15":{"line":129,"type":"if","locations":[{"start":{"line":129,"column":16},"end":{"line":129,"column":16},"skip":true},{"start":{"line":129,"column":16},"end":{"line":129,"column":16},"skip":true}]},"16":{"line":134,"type":"cond-expr","locations":[{"start":{"line":135,"column":26},"end":{"line":135,"column":29},"skip":true},{"start":{"line":136,"column":26},"end":{"line":136,"column":54},"skip":true}]},"17":{"line":164,"type":"binary-expr","locations":[{"start":{"line":164,"column":27},"end":{"line":164,"column":43},"skip":true},{"start":{"line":164,"column":47},"end":{"line":164,"column":49},"skip":true}]},"18":{"line":258,"type":"if","locations":[{"start":{"line":258,"column":8},"end":{"line":258,"column":8},"skip":true},{"start":{"line":258,"column":8},"end":{"line":258,"column":8},"skip":true}]},"19":{"line":275,"type":"switch","locations":[{"start":{"line":276,"column":20},"end":{"line":277,"column":64},"skip":true},{"start":{"line":278,"column":20},"end":{"line":279,"column":40},"skip":true},{"start":{"line":280,"column":20},"end":{"line":281,"column":40},"skip":true},{"start":{"line":282,"column":20},"end":{"line":283,"column":39},"skip":true}]},"20":{"line":288,"type":"if","locations":[{"start":{"line":288,"column":8},"end":{"line":288,"column":8},"skip":true},{"start":{"line":288,"column":8},"end":{"line":288,"column":8},"skip":true}]},"21":{"line":288,"type":"binary-expr","locations":[{"start":{"line":288,"column":12},"end":{"line":288,"column":40},"skip":true},{"start":{"line":288,"column":44},"end":{"line":288,"column":67},"skip":true}]},"22":{"line":292,"type":"binary-expr","locations":[{"start":{"line":292,"column":12},"end":{"line":292,"column":50},"skip":true},{"start":{"line":293,"column":12},"end":{"line":293,"column":53},"skip":true}]},"23":{"line":295,"type":"binary-expr","locations":[{"start":{"line":295,"column":12},"end":{"line":295,"column":66},"skip":true},{"start":{"line":296,"column":12},"end":{"line":301,"column":36},"skip":true}]},"24":{"line":302,"type":"binary-expr","locations":[{"start":{"line":302,"column":43},"end":{"line":302,"column":75},"skip":true},{"start":{"line":302,"column":79},"end":{"line":302,"column":81},"skip":true}]},"25":{"line":305,"type":"if","locations":[{"start":{"line":305,"column":8},"end":{"line":305,"column":8},"skip":true},{"start":{"line":305,"column":8},"end":{"line":305,"column":8},"skip":true}]},"26":{"line":309,"type":"if","locations":[{"start":{"line":309,"column":8},"end":{"line":309,"column":8},"skip":true},{"start":{"line":309,"column":8},"end":{"line":309,"column":8},"skip":true}]},"27":{"line":312,"type":"binary-expr","locations":[{"start":{"line":312,"column":27},"end":{"line":312,"column":43},"skip":true},{"start":{"line":312,"column":47},"end":{"line":312,"column":53},"skip":true}]},"28":{"line":316,"type":"if","locations":[{"start":{"line":316,"column":12},"end":{"line":316,"column":12},"skip":true},{"start":{"line":316,"column":12},"end":{"line":316,"column":12},"skip":true}]}},"code":["/*","example.js","","quickstart example","","instruction","    1. save this script as example.js","    2. run the shell command:","        $ npm install npmtest-nunjucks && PORT=8081 node example.js","    3. play with the browser-demo on http://127.0.0.1:8081","*/","","","","/* istanbul instrument in package npmtest_nunjucks */","/*jslint","    bitwise: true,","    browser: true,","    maxerr: 8,","    maxlen: 96,","    node: true,","    nomen: true,","    regexp: true,","    stupid: true","*/","(function () {","    'use strict';","    var local;","","","","    // run shared js-env code - pre-init","    (function () {","        // init local","        local = {};","        // init modeJs","        local.modeJs = (function () {","            try {","                return typeof navigator.userAgent === 'string' &&","                    typeof document.querySelector('body') === 'object' &&","                    typeof XMLHttpRequest.prototype.open === 'function' &&","                    'browser';","            } catch (errorCaughtBrowser) {","                return module.exports &&","                    typeof process.versions.node === 'string' &&","                    typeof require('http').createServer === 'function' &&","                    'node';","            }","        }());","        // init global","        local.global = local.modeJs === 'browser'","            ? window","            : global;","        // init utility2_rollup","        local = local.global.utility2_rollup || (local.modeJs === 'browser'","            ? local.global.utility2_npmtest_nunjucks","            : global.utility2_moduleExports);","        // export local","        local.global.local = local;","    }());","    switch (local.modeJs) {","","","","    // post-init","    // run browser js-env code - post-init","    /* istanbul ignore next */","    case 'browser':","        local.testRunBrowser = function (event) {","            if (!event || (event &&","                    event.currentTarget &&","                    event.currentTarget.className &&","                    event.currentTarget.className.includes &&","                    event.currentTarget.className.includes('onreset'))) {","                // reset output","                Array.from(","                    document.querySelectorAll('body > .resettable')","                ).forEach(function (element) {","                    switch (element.tagName) {","                    case 'INPUT':","                    case 'TEXTAREA':","                        element.value = '';","                        break;","                    default:","                        element.textContent = '';","                    }","                });","            }","            switch (event && event.currentTarget && event.currentTarget.id) {","            case 'testRunButton1':","                // show tests","                if (document.querySelector('#testReportDiv1').style.display === 'none') {","                    document.querySelector('#testReportDiv1').style.display = 'block';","                    document.querySelector('#testRunButton1').textContent =","                        'hide internal test';","                    local.modeTest = true;","                    local.testRunDefault(local);","                // hide tests","                } else {","                    document.querySelector('#testReportDiv1').style.display = 'none';","                    document.querySelector('#testRunButton1').textContent = 'run internal test';","                }","                break;","            // custom-case","            default:","                break;","            }","            if (document.querySelector('#inputTextareaEval1') && (!event || (event &&","                    event.currentTarget &&","                    event.currentTarget.className &&","                    event.currentTarget.className.includes &&","                    event.currentTarget.className.includes('oneval')))) {","                // try to eval input-code","                try {","                    /*jslint evil: true*/","                    eval(document.querySelector('#inputTextareaEval1').value);","                } catch (errorCaught) {","                    console.error(errorCaught.stack);","                }","            }","        };","        // log stderr and stdout to #outputTextareaStdout1","        ['error', 'log'].forEach(function (key) {","            console[key + '_original'] = console[key];","            console[key] = function () {","                var element;","                console[key + '_original'].apply(console, arguments);","                element = document.querySelector('#outputTextareaStdout1');","                if (!element) {","                    return;","                }","                // append text to #outputTextareaStdout1","                element.value += Array.from(arguments).map(function (arg) {","                    return typeof arg === 'string'","                        ? arg","                        : JSON.stringify(arg, null, 4);","                }).join(' ') + '\\n';","                // scroll textarea to bottom","                element.scrollTop = element.scrollHeight;","            };","        });","        // init event-handling","        ['change', 'click', 'keyup'].forEach(function (event) {","            Array.from(document.querySelectorAll('.on' + event)).forEach(function (element) {","                element.addEventListener(event, local.testRunBrowser);","            });","        });","        // run tests","        local.testRunBrowser();","        break;","","","","    // run node js-env code - post-init","    /* istanbul ignore next */","    case 'node':","        // export local","        module.exports = local;","        // require modules","        local.fs = require('fs');","        local.http = require('http');","        local.url = require('url');","        // init assets","        local.assetsDict = local.assetsDict || {};","        /* jslint-ignore-begin */","        local.assetsDict['/assets.index.template.html'] = '\\","<!doctype html>\\n\\","<html lang=\"en\">\\n\\","<head>\\n\\","<meta charset=\"UTF-8\">\\n\\","<meta name=\"viewport\" content=\"width=device-width, initial-scale=1\">\\n\\","<title>{{env.npm_package_name}} (v{{env.npm_package_version}})</title>\\n\\","<style>\\n\\","/*csslint\\n\\","    box-sizing: false,\\n\\","    universal-selector: false\\n\\","*/\\n\\","* {\\n\\","    box-sizing: border-box;\\n\\","}\\n\\","body {\\n\\","    background: #dde;\\n\\","    font-family: Arial, Helvetica, sans-serif;\\n\\","    margin: 2rem;\\n\\","}\\n\\","body > * {\\n\\","    margin-bottom: 1rem;\\n\\","}\\n\\",".utility2FooterDiv {\\n\\","    margin-top: 20px;\\n\\","    text-align: center;\\n\\","}\\n\\","</style>\\n\\","<style>\\n\\","/*csslint\\n\\","*/\\n\\","textarea {\\n\\","    font-family: monospace;\\n\\","    height: 10rem;\\n\\","    width: 100%;\\n\\","}\\n\\","textarea[readonly] {\\n\\","    background: #ddd;\\n\\","}\\n\\","</style>\\n\\","</head>\\n\\","<body>\\n\\","<!-- utility2-comment\\n\\","<div id=\"ajaxProgressDiv1\" style=\"background: #d00; height: 2px; left: 0; margin: 0; padding: 0; position: fixed; top: 0; transition: background 0.5s, width 1.5s; width: 25%;\"></div>\\n\\","utility2-comment -->\\n\\","<h1>\\n\\","<!-- utility2-comment\\n\\","    <a\\n\\","        {{#if env.npm_package_homepage}}\\n\\","        href=\"{{env.npm_package_homepage}}\"\\n\\","        {{/if env.npm_package_homepage}}\\n\\","        target=\"_blank\"\\n\\","    >\\n\\","utility2-comment -->\\n\\","        {{env.npm_package_name}} (v{{env.npm_package_version}})\\n\\","<!-- utility2-comment\\n\\","    </a>\\n\\","utility2-comment -->\\n\\","</h1>\\n\\","<h3>{{env.npm_package_description}}</h3>\\n\\","<!-- utility2-comment\\n\\","<h4><a download href=\"assets.app.js\">download standalone app</a></h4>\\n\\","<button class=\"onclick onreset\" id=\"testRunButton1\">run internal test</button><br>\\n\\","<div id=\"testReportDiv1\" style=\"display: none;\"></div>\\n\\","utility2-comment -->\\n\\","\\n\\","\\n\\","\\n\\","<label>stderr and stdout</label>\\n\\","<textarea class=\"resettable\" id=\"outputTextareaStdout1\" readonly></textarea>\\n\\","<!-- utility2-comment\\n\\","{{#if isRollup}}\\n\\","<script src=\"assets.app.js\"></script>\\n\\","{{#unless isRollup}}\\n\\","utility2-comment -->\\n\\","<script src=\"assets.utility2.rollup.js\"></script>\\n\\","<script src=\"jsonp.utility2._stateInit?callback=window.utility2._stateInit\"></script>\\n\\","<script src=\"assets.npmtest_nunjucks.rollup.js\"></script>\\n\\","<script src=\"assets.example.js\"></script>\\n\\","<script src=\"assets.test.js\"></script>\\n\\","<!-- utility2-comment\\n\\","{{/if isRollup}}\\n\\","utility2-comment -->\\n\\","<div class=\"utility2FooterDiv\">\\n\\","    [ this app was created with\\n\\","    <a href=\"https://github.com/kaizhu256/node-utility2\" target=\"_blank\">utility2</a>\\n\\","    ]\\n\\","</div>\\n\\","</body>\\n\\","</html>\\n\\","';","        /* jslint-ignore-end */","        if (local.templateRender) {","            local.assetsDict['/'] = local.templateRender(","                local.assetsDict['/assets.index.template.html'],","                {","                    env: local.objectSetDefault(local.env, {","                        npm_package_description: 'the greatest app in the world!',","                        npm_package_name: 'my-app',","                        npm_package_nameAlias: 'my_app',","                        npm_package_version: '0.0.1'","                    })","                }","            );","        } else {","            local.assetsDict['/'] = local.assetsDict['/assets.index.template.html']","                .replace((/\\{\\{env\\.(\\w+?)\\}\\}/g), function (match0, match1) {","                    // jslint-hack","                    String(match0);","                    switch (match1) {","                    case 'npm_package_description':","                        return 'the greatest app in the world!';","                    case 'npm_package_name':","                        return 'my-app';","                    case 'npm_package_nameAlias':","                        return 'my_app';","                    case 'npm_package_version':","                        return '0.0.1';","                    }","                });","        }","        // run the cli","        if (local.global.utility2_rollup || module !== require.main) {","            break;","        }","        local.assetsDict['/assets.example.js'] =","            local.assetsDict['/assets.example.js'] ||","            local.fs.readFileSync(__filename, 'utf8');","        local.assetsDict['/assets.npmtest_nunjucks.rollup.js'] =","            local.assetsDict['/assets.npmtest_nunjucks.rollup.js'] ||","            local.fs.readFileSync(","                // buildCustomOrg-hack","                local.npmtest_nunjucks.__dirname +","                    '/lib.npmtest_nunjucks.js',","                'utf8'","            ).replace((/^#!/), '//');","        local.assetsDict['/favicon.ico'] = local.assetsDict['/favicon.ico'] || '';","        // if $npm_config_timeout_exit exists,","        // then exit this process after $npm_config_timeout_exit ms","        if (Number(process.env.npm_config_timeout_exit)) {","            setTimeout(process.exit, Number(process.env.npm_config_timeout_exit));","        }","        // start server","        if (local.global.utility2_serverHttp1) {","            break;","        }","        process.env.PORT = process.env.PORT || '8081';","        console.error('server starting on port ' + process.env.PORT);","        local.http.createServer(function (request, response) {","            request.urlParsed = local.url.parse(request.url);","            if (local.assetsDict[request.urlParsed.pathname] !== undefined) {","                response.end(local.assetsDict[request.urlParsed.pathname]);","                return;","            }","            response.statusCode = 404;","            response.end();","        }).listen(process.env.PORT);","        break;","    }","}());",""],"l":{"26":2,"28":2,"33":2,"35":2,"37":2,"38":2,"39":2,"44":1,"51":2,"55":2,"59":2,"61":2,"69":1,"70":2,"76":2,"79":2,"82":2,"83":2,"85":1,"89":2,"92":1,"93":1,"94":1,"96":1,"97":1,"100":1,"101":1,"103":1,"106":1,"108":2,"114":1,"116":1,"118":1,"123":1,"124":2,"125":2,"126":2,"127":2,"128":2,"129":2,"130":1,"133":2,"134":2,"139":2,"143":1,"144":3,"145":1,"149":1,"150":1,"158":1,"160":1,"161":1,"162":1,"164":1,"166":1,"258":1,"259":1,"271":1,"274":6,"275":6,"277":1,"279":2,"281":1,"283":2,"288":1,"289":1,"291":1,"294":1,"302":1,"305":1,"306":1,"309":1,"310":1,"312":1,"313":1,"314":1,"315":1,"316":1,"317":1,"318":1,"320":1,"321":1,"323":1}},"/home/travis/build/npmtest/node-npmtest-nunjucks/nunjucks/index.js":{"path":"/home/travis/build/npmtest/node-npmtest-nunjucks/nunjucks/index.js","s":{"1":1,"2":1,"3":1,"4":1,"5":1,"6":1,"7":1,"8":1,"9":1,"10":1,"11":1,"12":1,"13":1,"14":1,"15":1,"16":1,"17":1,"18":1,"19":1,"20":1,"21":1,"22":0,"23":0,"24":0,"25":0,"26":0,"27":0,"28":0,"29":0,"30":0,"31":0,"32":0,"33":0,"34":0,"35":1,"36":0,"37":0,"38":0,"39":1,"40":0,"41":0,"42":0,"43":1,"44":0,"45":0,"46":0,"47":1,"48":1,"49":1},"b":{"1":[0,0],"2":[0,0],"3":[0,0],"4":[0,0],"5":[0,0],"6":[0,0],"7":[0,0],"8":[0,0],"9":[0,0],"10":[0,0],"11":[0,0],"12":[1,0]},"f":{"1":0,"2":0,"3":0,"4":0},"fnMap":{"1":{"name":"(anonymous_1)","line":30,"loc":{"start":{"line":30,"column":27},"end":{"line":30,"column":57}}},"2":{"name":"(anonymous_2)","line":60,"loc":{"start":{"line":60,"column":25},"end":{"line":60,"column":64}}},"3":{"name":"(anonymous_3)","line":67,"loc":{"start":{"line":67,"column":24},"end":{"line":67,"column":48}}},"4":{"name":"(anonymous_4)","line":75,"loc":{"start":{"line":75,"column":30},"end":{"line":75,"column":53}}}},"statementMap":{"1":{"start":{"line":3,"column":0},"end":{"line":3,"column":31}},"2":{"start":{"line":4,"column":0},"end":{"line":4,"column":39}},"3":{"start":{"line":5,"column":0},"end":{"line":5,"column":37}},"4":{"start":{"line":6,"column":0},"end":{"line":6,"column":39}},"5":{"start":{"line":7,"column":0},"end":{"line":7,"column":45}},"6":{"start":{"line":9,"column":0},"end":{"line":9,"column":20}},"7":{"start":{"line":10,"column":0},"end":{"line":10,"column":45}},"8":{"start":{"line":11,"column":0},"end":{"line":11,"column":39}},"9":{"start":{"line":13,"column":0},"end":{"line":13,"column":31}},"10":{"start":{"line":14,"column":0},"end":{"line":14,"column":59}},"11":{"start":{"line":15,"column":0},"end":{"line":15,"column":61}},"12":{"start":{"line":16,"column":0},"end":{"line":16,"column":45}},"13":{"start":{"line":18,"column":0},"end":{"line":18,"column":52}},"14":{"start":{"line":19,"column":0},"end":{"line":19,"column":48}},"15":{"start":{"line":20,"column":0},"end":{"line":20,"column":46}},"16":{"start":{"line":21,"column":0},"end":{"line":21,"column":50}},"17":{"start":{"line":22,"column":0},"end":{"line":22,"column":25}},"18":{"start":{"line":23,"column":0},"end":{"line":23,"column":46}},"19":{"start":{"line":25,"column":0},"end":{"line":25,"column":69}},"20":{"start":{"line":29,"column":0},"end":{"line":29,"column":6}},"21":{"start":{"line":30,"column":0},"end":{"line":58,"column":2}},"22":{"start":{"line":31,"column":4},"end":{"line":31,"column":22}},"23":{"start":{"line":32,"column":4},"end":{"line":35,"column":5}},"24":{"start":{"line":33,"column":8},"end":{"line":33,"column":29}},"25":{"start":{"line":34,"column":8},"end":{"line":34,"column":29}},"26":{"start":{"line":37,"column":4},"end":{"line":37,"column":23}},"27":{"start":{"line":38,"column":4},"end":{"line":49,"column":5}},"28":{"start":{"line":39,"column":8},"end":{"line":42,"column":11}},"29":{"start":{"line":44,"column":9},"end":{"line":49,"column":5}},"30":{"start":{"line":45,"column":8},"end":{"line":48,"column":11}},"31":{"start":{"line":51,"column":4},"end":{"line":51,"column":50}},"32":{"start":{"line":53,"column":4},"end":{"line":55,"column":5}},"33":{"start":{"line":54,"column":8},"end":{"line":54,"column":32}},"34":{"start":{"line":57,"column":4},"end":{"line":57,"column":13}},"35":{"start":{"line":60,"column":0},"end":{"line":65,"column":2}},"36":{"start":{"line":61,"column":4},"end":{"line":63,"column":5}},"37":{"start":{"line":62,"column":8},"end":{"line":62,"column":35}},"38":{"start":{"line":64,"column":4},"end":{"line":64,"column":69}},"39":{"start":{"line":67,"column":0},"end":{"line":73,"column":2}},"40":{"start":{"line":68,"column":4},"end":{"line":70,"column":5}},"41":{"start":{"line":69,"column":8},"end":{"line":69,"column":35}},"42":{"start":{"line":72,"column":4},"end":{"line":72,"column":35}},"43":{"start":{"line":75,"column":0},"end":{"line":81,"column":2}},"44":{"start":{"line":76,"column":4},"end":{"line":78,"column":5}},"45":{"start":{"line":77,"column":8},"end":{"line":77,"column":35}},"46":{"start":{"line":80,"column":4},"end":{"line":80,"column":40}},"47":{"start":{"line":83,"column":0},"end":{"line":86,"column":1}},"48":{"start":{"line":84,"column":4},"end":{"line":84,"column":54}},"49":{"start":{"line":85,"column":4},"end":{"line":85,"column":66}}},"branchMap":{"1":{"line":31,"type":"binary-expr","locations":[{"start":{"line":31,"column":11},"end":{"line":31,"column":15}},{"start":{"line":31,"column":19},"end":{"line":31,"column":21}}]},"2":{"line":32,"type":"if","locations":[{"start":{"line":32,"column":4},"end":{"line":32,"column":4}},{"start":{"line":32,"column":4},"end":{"line":32,"column":4}}]},"3":{"line":38,"type":"if","locations":[{"start":{"line":38,"column":4},"end":{"line":38,"column":4}},{"start":{"line":38,"column":4},"end":{"line":38,"column":4}}]},"4":{"line":44,"type":"if","locations":[{"start":{"line":44,"column":9},"end":{"line":44,"column":9}},{"start":{"line":44,"column":9},"end":{"line":44,"column":9}}]},"5":{"line":46,"type":"binary-expr","locations":[{"start":{"line":46,"column":22},"end":{"line":46,"column":30}},{"start":{"line":46,"column":34},"end":{"line":46,"column":51}}]},"6":{"line":47,"type":"binary-expr","locations":[{"start":{"line":47,"column":19},"end":{"line":47,"column":27}},{"start":{"line":47,"column":31},"end":{"line":47,"column":45}}]},"7":{"line":53,"type":"if","locations":[{"start":{"line":53,"column":4},"end":{"line":53,"column":4}},{"start":{"line":53,"column":4},"end":{"line":53,"column":4}}]},"8":{"line":53,"type":"binary-expr","locations":[{"start":{"line":53,"column":7},"end":{"line":53,"column":11}},{"start":{"line":53,"column":15},"end":{"line":53,"column":27}}]},"9":{"line":61,"type":"if","locations":[{"start":{"line":61,"column":4},"end":{"line":61,"column":4}},{"start":{"line":61,"column":4},"end":{"line":61,"column":4}}]},"10":{"line":68,"type":"if","locations":[{"start":{"line":68,"column":4},"end":{"line":68,"column":4}},{"start":{"line":68,"column":4},"end":{"line":68,"column":4}}]},"11":{"line":76,"type":"if","locations":[{"start":{"line":76,"column":4},"end":{"line":76,"column":4}},{"start":{"line":76,"column":4},"end":{"line":76,"column":4}}]},"12":{"line":83,"type":"if","locations":[{"start":{"line":83,"column":0},"end":{"line":83,"column":0}},{"start":{"line":83,"column":0},"end":{"line":83,"column":0}}]}},"code":["'use strict';","","var lib = require('./src/lib');","var env = require('./src/environment');","var Loader = require('./src/loader');","var loaders = require('./src/loaders');","var precompile = require('./src/precompile');","","module.exports = {};","module.exports.Environment = env.Environment;","module.exports.Template = env.Template;","","module.exports.Loader = Loader;","module.exports.FileSystemLoader = loaders.FileSystemLoader;","module.exports.PrecompiledLoader = loaders.PrecompiledLoader;","module.exports.WebLoader = loaders.WebLoader;","","module.exports.compiler = require('./src/compiler');","module.exports.parser = require('./src/parser');","module.exports.lexer = require('./src/lexer');","module.exports.runtime = require('./src/runtime');","module.exports.lib = lib;","module.exports.nodes = require('./src/nodes');","","module.exports.installJinjaCompat = require('./src/jinja-compat.js');","","// A single instance of an environment, since this is so commonly used","","var e;","module.exports.configure = function(templatesPath, opts) {","    opts = opts || {};","    if(lib.isObject(templatesPath)) {","        opts = templatesPath;","        templatesPath = null;","    }","","    var TemplateLoader;","    if(loaders.FileSystemLoader) {","        TemplateLoader = new loaders.FileSystemLoader(templatesPath, {","            watch: opts.watch,","            noCache: opts.noCache","        });","    }","    else if(loaders.WebLoader) {","        TemplateLoader = new loaders.WebLoader(templatesPath, {","            useCache: opts.web && opts.web.useCache,","            async: opts.web && opts.web.async","        });","    }","","    e = new env.Environment(TemplateLoader, opts);","","    if(opts && opts.express) {","        e.express(opts.express);","    }","","    return e;","};","","module.exports.compile = function(src, env, path, eagerCompile) {","    if(!e) {","        module.exports.configure();","    }","    return new module.exports.Template(src, env, path, eagerCompile);","};","","module.exports.render = function(name, ctx, cb) {","    if(!e) {","        module.exports.configure();","    }","","    return e.render(name, ctx, cb);","};","","module.exports.renderString = function(src, ctx, cb) {","    if(!e) {","        module.exports.configure();","    }","","    return e.renderString(src, ctx, cb);","};","","if(precompile) {","    module.exports.precompile = precompile.precompile;","    module.exports.precompileString = precompile.precompileString;","}",""],"l":{"3":1,"4":1,"5":1,"6":1,"7":1,"9":1,"10":1,"11":1,"13":1,"14":1,"15":1,"16":1,"18":1,"19":1,"20":1,"21":1,"22":1,"23":1,"25":1,"29":1,"30":1,"31":0,"32":0,"33":0,"34":0,"37":0,"38":0,"39":0,"44":0,"45":0,"51":0,"53":0,"54":0,"57":0,"60":1,"61":0,"62":0,"64":0,"67":1,"68":0,"69":0,"72":0,"75":1,"76":0,"77":0,"80":0,"83":1,"84":1,"85":1}},"/home/travis/build/npmtest/node-npmtest-nunjucks/nunjucks/src/lib.js":{"path":"/home/travis/build/npmtest/node-npmtest-nunjucks/nunjucks/src/lib.js","s":{"1":1,"2":1,"3":1,"4":1,"5":1,"6":0,"7":1,"8":1,"9":0,"10":0,"11":0,"12":0,"13":0,"14":0,"15":0,"16":0,"17":1,"18":0,"19":0,"20":0,"21":0,"22":0,"23":0,"24":0,"25":0,"26":0,"27":0,"28":0,"29":0,"30":0,"31":0,"32":0,"33":0,"34":0,"35":0,"36":0,"37":0,"38":0,"39":0,"40":0,"41":0,"42":0,"43":0,"44":0,"45":0,"46":1,"47":1,"48":0,"49":1,"50":0,"51":1,"52":0,"53":1,"54":0,"55":1,"56":0,"57":1,"58":0,"59":0,"60":0,"61":0,"62":0,"63":0,"64":0,"65":0,"66":1,"67":0,"68":1,"69":0,"70":0,"71":0,"72":0,"73":0,"74":0,"75":0,"76":0,"77":1,"78":0,"79":0,"80":0,"81":1,"82":0,"83":0,"84":0,"85":0,"86":1,"87":0,"88":0,"89":0,"90":0,"91":0,"92":0,"93":0,"94":1,"95":0,"96":0,"97":0,"98":0,"99":0,"100":0,"101":0,"102":0,"103":0,"104":0,"105":1,"106":0,"107":1,"108":0,"109":0,"110":0,"111":0,"112":0,"113":1,"114":0,"115":0,"116":0,"117":1,"118":0,"119":0,"120":0,"121":0,"122":0,"123":0,"124":1,"125":0,"126":0,"127":0,"128":0,"129":0,"130":0,"131":0,"132":0,"133":0,"134":0,"135":0,"136":0,"137":0,"138":1,"139":0,"140":0,"141":1,"142":0,"143":0,"144":0,"145":0,"146":0,"147":0,"148":0,"149":1,"150":0,"151":0,"152":0,"153":0,"154":0,"155":0,"156":0},"b":{"1":[0,0],"2":[0,0],"3":[0,0],"4":[0,0],"5":[0,0],"6":[0,0],"7":[0,0],"8":[0,0],"9":[0,0],"10":[0,0],"11":[0,0],"12":[0,0],"13":[1,0],"14":[0,0],"15":[0,0],"16":[0,0],"17":[0,0],"18":[0,0],"19":[0,0],"20":[0,0],"21":[0,0],"22":[0,0],"23":[0,0],"24":[0,0],"25":[0,0],"26":[0,0],"27":[0,0],"28":[1,0],"29":[0,0],"30":[0,0],"31":[0,0],"32":[0,0],"33":[0,0],"34":[0,1],"35":[0,0],"36":[0,0],"37":[0,0],"38":[0,0],"39":[0,0]},"f":{"1":0,"2":0,"3":0,"4":0,"5":0,"6":0,"7":0,"8":0,"9":0,"10":0,"11":0,"12":0,"13":0,"14":0,"15":0,"16":0,"17":0,"18":0,"19":0,"20":0,"21":0,"22":0,"23":0,"24":0,"25":0,"26":0},"fnMap":{"1":{"name":"(anonymous_1)","line":16,"loc":{"start":{"line":16,"column":19},"end":{"line":16,"column":32}}},"2":{"name":"(anonymous_2)","line":22,"loc":{"start":{"line":22,"column":24},"end":{"line":22,"column":59}}},"3":{"name":"(anonymous_3)","line":41,"loc":{"start":{"line":41,"column":24},"end":{"line":41,"column":57}}},"4":{"name":"(anonymous_4)","line":68,"loc":{"start":{"line":68,"column":17},"end":{"line":68,"column":32}}},"5":{"name":"(anonymous_5)","line":97,"loc":{"start":{"line":97,"column":17},"end":{"line":97,"column":31}}},"6":{"name":"(anonymous_6)","line":101,"loc":{"start":{"line":101,"column":21},"end":{"line":101,"column":35}}},"7":{"name":"(anonymous_7)","line":105,"loc":{"start":{"line":105,"column":35},"end":{"line":105,"column":49}}},"8":{"name":"(anonymous_8)","line":109,"loc":{"start":{"line":109,"column":19},"end":{"line":109,"column":33}}},"9":{"name":"(anonymous_9)","line":113,"loc":{"start":{"line":113,"column":19},"end":{"line":113,"column":33}}},"10":{"name":"(anonymous_10)","line":117,"loc":{"start":{"line":117,"column":18},"end":{"line":117,"column":37}}},"11":{"name":"(anonymous_11)","line":119,"loc":{"start":{"line":119,"column":51},"end":{"line":119,"column":65}}},"12":{"name":"(anonymous_12)","line":128,"loc":{"start":{"line":128,"column":18},"end":{"line":128,"column":32}}},"13":{"name":"(anonymous_13)","line":132,"loc":{"start":{"line":132,"column":18},"end":{"line":132,"column":34}}},"14":{"name":"(anonymous_14)","line":149,"loc":{"start":{"line":149,"column":17},"end":{"line":149,"column":37}}},"15":{"name":"(anonymous_15)","line":156,"loc":{"start":{"line":156,"column":17},"end":{"line":156,"column":36}}},"16":{"name":"(anonymous_16)","line":164,"loc":{"start":{"line":164,"column":15},"end":{"line":164,"column":44}}},"17":{"name":"(anonymous_17)","line":179,"loc":{"start":{"line":179,"column":14},"end":{"line":179,"column":34}}},"18":{"name":"(anonymous_18)","line":200,"loc":{"start":{"line":200,"column":20},"end":{"line":200,"column":44}}},"19":{"name":"next","line":203,"loc":{"start":{"line":203,"column":4},"end":{"line":203,"column":20}}},"20":{"name":"(anonymous_20)","line":217,"loc":{"start":{"line":217,"column":19},"end":{"line":217,"column":43}}},"21":{"name":"next","line":222,"loc":{"start":{"line":222,"column":4},"end":{"line":222,"column":20}}},"22":{"name":"(anonymous_22)","line":239,"loc":{"start":{"line":239,"column":4},"end":{"line":239,"column":45}}},"23":{"name":"(anonymous_23)","line":242,"loc":{"start":{"line":242,"column":4},"end":{"line":242,"column":45}}},"24":{"name":"(anonymous_24)","line":268,"loc":{"start":{"line":268,"column":26},"end":{"line":268,"column":37}}},"25":{"name":"(anonymous_25)","line":273,"loc":{"start":{"line":273,"column":15},"end":{"line":273,"column":29}}},"26":{"name":"(anonymous_26)","line":288,"loc":{"start":{"line":288,"column":21},"end":{"line":288,"column":41}}}},"statementMap":{"1":{"start":{"line":3,"column":0},"end":{"line":3,"column":33}},"2":{"start":{"line":4,"column":0},"end":{"line":4,"column":32}},"3":{"start":{"line":6,"column":0},"end":{"line":12,"column":2}},"4":{"start":{"line":14,"column":0},"end":{"line":14,"column":29}},"5":{"start":{"line":16,"column":0},"end":{"line":18,"column":2}},"6":{"start":{"line":17,"column":4},"end":{"line":17,"column":25}},"7":{"start":{"line":20,"column":0},"end":{"line":20,"column":34}},"8":{"start":{"line":22,"column":0},"end":{"line":39,"column":2}},"9":{"start":{"line":25,"column":4},"end":{"line":28,"column":5}},"10":{"start":{"line":27,"column":8},"end":{"line":27,"column":45}},"11":{"start":{"line":29,"column":4},"end":{"line":29,"column":21}},"12":{"start":{"line":32,"column":4},"end":{"line":36,"column":5}},"13":{"start":{"line":33,"column":8},"end":{"line":33,"column":22}},"14":{"start":{"line":34,"column":8},"end":{"line":34,"column":37}},"15":{"start":{"line":35,"column":8},"end":{"line":35,"column":28}},"16":{"start":{"line":38,"column":4},"end":{"line":38,"column":15}},"17":{"start":{"line":41,"column":0},"end":{"line":93,"column":2}},"18":{"start":{"line":42,"column":4},"end":{"line":42,"column":19}},"19":{"start":{"line":44,"column":4},"end":{"line":60,"column":5}},"20":{"start":{"line":45,"column":8},"end":{"line":45,"column":22}},"21":{"start":{"line":46,"column":8},"end":{"line":46,"column":56}},"22":{"start":{"line":48,"column":8},"end":{"line":55,"column":9}},"23":{"start":{"line":49,"column":12},"end":{"line":49,"column":32}},"24":{"start":{"line":54,"column":12},"end":{"line":54,"column":23}},"25":{"start":{"line":57,"column":8},"end":{"line":59,"column":9}},"26":{"start":{"line":58,"column":12},"end":{"line":58,"column":41}},"27":{"start":{"line":62,"column":4},"end":{"line":62,"column":39}},"28":{"start":{"line":63,"column":4},"end":{"line":63,"column":26}},"29":{"start":{"line":64,"column":4},"end":{"line":64,"column":24}},"30":{"start":{"line":65,"column":4},"end":{"line":65,"column":22}},"31":{"start":{"line":66,"column":4},"end":{"line":66,"column":27}},"32":{"start":{"line":68,"column":4},"end":{"line":90,"column":6}},"33":{"start":{"line":69,"column":8},"end":{"line":69,"column":59}},"34":{"start":{"line":73,"column":8},"end":{"line":80,"column":9}},"35":{"start":{"line":74,"column":12},"end":{"line":79,"column":13}},"36":{"start":{"line":75,"column":16},"end":{"line":75,"column":84}},"37":{"start":{"line":77,"column":17},"end":{"line":79,"column":13}},"38":{"start":{"line":78,"column":16},"end":{"line":78,"column":57}},"39":{"start":{"line":82,"column":8},"end":{"line":82,"column":25}},"40":{"start":{"line":83,"column":8},"end":{"line":85,"column":9}},"41":{"start":{"line":84,"column":12},"end":{"line":84,"column":27}},"42":{"start":{"line":87,"column":8},"end":{"line":87,"column":54}},"43":{"start":{"line":88,"column":8},"end":{"line":88,"column":33}},"44":{"start":{"line":89,"column":8},"end":{"line":89,"column":20}},"45":{"start":{"line":92,"column":4},"end":{"line":92,"column":15}},"46":{"start":{"line":95,"column":0},"end":{"line":95,"column":50}},"47":{"start":{"line":97,"column":0},"end":{"line":99,"column":2}},"48":{"start":{"line":98,"column":2},"end":{"line":98,"column":48}},"49":{"start":{"line":101,"column":0},"end":{"line":103,"column":2}},"50":{"start":{"line":102,"column":4},"end":{"line":102,"column":63}},"51":{"start":{"line":105,"column":0},"end":{"line":107,"column":2}},"52":{"start":{"line":106,"column":4},"end":{"line":106,"column":60}},"53":{"start":{"line":109,"column":0},"end":{"line":111,"column":2}},"54":{"start":{"line":110,"column":4},"end":{"line":110,"column":61}},"55":{"start":{"line":113,"column":0},"end":{"line":115,"column":2}},"56":{"start":{"line":114,"column":4},"end":{"line":114,"column":61}},"57":{"start":{"line":117,"column":0},"end":{"line":126,"column":2}},"58":{"start":{"line":118,"column":4},"end":{"line":118,"column":20}},"59":{"start":{"line":119,"column":4},"end":{"line":119,"column":86}},"60":{"start":{"line":119,"column":67},"end":{"line":119,"column":83}},"61":{"start":{"line":120,"column":4},"end":{"line":124,"column":5}},"62":{"start":{"line":121,"column":8},"end":{"line":121,"column":27}},"63":{"start":{"line":122,"column":8},"end":{"line":122,"column":37}},"64":{"start":{"line":123,"column":8},"end":{"line":123,"column":56}},"65":{"start":{"line":125,"column":4},"end":{"line":125,"column":18}},"66":{"start":{"line":128,"column":0},"end":{"line":130,"column":2}},"67":{"start":{"line":129,"column":4},"end":{"line":129,"column":43}},"68":{"start":{"line":132,"column":0},"end":{"line":147,"column":2}},"69":{"start":{"line":133,"column":4},"end":{"line":133,"column":20}},"70":{"start":{"line":134,"column":4},"end":{"line":136,"column":5}},"71":{"start":{"line":135,"column":8},"end":{"line":135,"column":22}},"72":{"start":{"line":137,"column":4},"end":{"line":139,"column":51}},"73":{"start":{"line":141,"column":4},"end":{"line":145,"column":5}},"74":{"start":{"line":142,"column":8},"end":{"line":144,"column":9}},"75":{"start":{"line":143,"column":12},"end":{"line":143,"column":38}},"76":{"start":{"line":146,"column":4},"end":{"line":146,"column":18}},"77":{"start":{"line":149,"column":0},"end":{"line":154,"column":2}},"78":{"start":{"line":150,"column":4},"end":{"line":152,"column":5}},"79":{"start":{"line":151,"column":8},"end":{"line":151,"column":25}},"80":{"start":{"line":153,"column":4},"end":{"line":153,"column":15}},"81":{"start":{"line":156,"column":0},"end":{"line":162,"column":2}},"82":{"start":{"line":157,"column":4},"end":{"line":157,"column":17}},"83":{"start":{"line":158,"column":4},"end":{"line":160,"column":5}},"84":{"start":{"line":159,"column":8},"end":{"line":159,"column":21}},"85":{"start":{"line":161,"column":4},"end":{"line":161,"column":15}},"86":{"start":{"line":164,"column":0},"end":{"line":177,"column":2}},"87":{"start":{"line":165,"column":4},"end":{"line":167,"column":5}},"88":{"start":{"line":166,"column":8},"end":{"line":166,"column":15}},"89":{"start":{"line":169,"column":4},"end":{"line":176,"column":5}},"90":{"start":{"line":170,"column":8},"end":{"line":170,"column":35}},"91":{"start":{"line":172,"column":9},"end":{"line":176,"column":5}},"92":{"start":{"line":173,"column":8},"end":{"line":175,"column":9}},"93":{"start":{"line":174,"column":12},"end":{"line":174,"column":47}},"94":{"start":{"line":179,"column":0},"end":{"line":198,"column":2}},"95":{"start":{"line":180,"column":4},"end":{"line":180,"column":21}},"96":{"start":{"line":181,"column":4},"end":{"line":183,"column":5}},"97":{"start":{"line":182,"column":8},"end":{"line":182,"column":23}},"98":{"start":{"line":185,"column":4},"end":{"line":187,"column":5}},"99":{"start":{"line":186,"column":8},"end":{"line":186,"column":29}},"100":{"start":{"line":189,"column":4},"end":{"line":191,"column":5}},"101":{"start":{"line":190,"column":8},"end":{"line":190,"column":50}},"102":{"start":{"line":193,"column":4},"end":{"line":195,"column":5}},"103":{"start":{"line":194,"column":8},"end":{"line":194,"column":36}},"104":{"start":{"line":197,"column":4},"end":{"line":197,"column":19}},"105":{"start":{"line":200,"column":0},"end":{"line":215,"column":2}},"106":{"start":{"line":201,"column":4},"end":{"line":201,"column":15}},"107":{"start":{"line":203,"column":4},"end":{"line":212,"column":5}},"108":{"start":{"line":204,"column":8},"end":{"line":204,"column":12}},"109":{"start":{"line":206,"column":8},"end":{"line":211,"column":9}},"110":{"start":{"line":207,"column":12},"end":{"line":207,"column":38}},"111":{"start":{"line":210,"column":12},"end":{"line":210,"column":17}},"112":{"start":{"line":214,"column":4},"end":{"line":214,"column":11}},"113":{"start":{"line":217,"column":0},"end":{"line":235,"column":2}},"114":{"start":{"line":218,"column":4},"end":{"line":218,"column":33}},"115":{"start":{"line":219,"column":4},"end":{"line":219,"column":26}},"116":{"start":{"line":220,"column":4},"end":{"line":220,"column":15}},"117":{"start":{"line":222,"column":4},"end":{"line":232,"column":5}},"118":{"start":{"line":223,"column":8},"end":{"line":223,"column":12}},"119":{"start":{"line":224,"column":8},"end":{"line":224,"column":24}},"120":{"start":{"line":226,"column":8},"end":{"line":231,"column":9}},"121":{"start":{"line":227,"column":12},"end":{"line":227,"column":42}},"122":{"start":{"line":230,"column":12},"end":{"line":230,"column":17}},"123":{"start":{"line":234,"column":4},"end":{"line":234,"column":11}},"124":{"start":{"line":238,"column":0},"end":{"line":265,"column":6}},"125":{"start":{"line":240,"column":8},"end":{"line":240,"column":75}},"126":{"start":{"line":243,"column":8},"end":{"line":243,"column":39}},"127":{"start":{"line":245,"column":8},"end":{"line":245,"column":36}},"128":{"start":{"line":247,"column":8},"end":{"line":249,"column":9}},"129":{"start":{"line":248,"column":12},"end":{"line":248,"column":26}},"130":{"start":{"line":251,"column":8},"end":{"line":256,"column":9}},"131":{"start":{"line":252,"column":12},"end":{"line":252,"column":32}},"132":{"start":{"line":253,"column":12},"end":{"line":255,"column":13}},"133":{"start":{"line":254,"column":16},"end":{"line":254,"column":30}},"134":{"start":{"line":258,"column":8},"end":{"line":262,"column":9}},"135":{"start":{"line":259,"column":12},"end":{"line":261,"column":13}},"136":{"start":{"line":260,"column":16},"end":{"line":260,"column":33}},"137":{"start":{"line":264,"column":8},"end":{"line":264,"column":18}},"138":{"start":{"line":267,"column":0},"end":{"line":271,"column":1}},"139":{"start":{"line":268,"column":4},"end":{"line":270,"column":6}},"140":{"start":{"line":269,"column":8},"end":{"line":269,"column":67}},"141":{"start":{"line":273,"column":0},"end":{"line":286,"column":2}},"142":{"start":{"line":274,"column":4},"end":{"line":285,"column":5}},"143":{"start":{"line":275,"column":8},"end":{"line":275,"column":26}},"144":{"start":{"line":278,"column":8},"end":{"line":278,"column":22}},"145":{"start":{"line":279,"column":8},"end":{"line":283,"column":9}},"146":{"start":{"line":280,"column":12},"end":{"line":282,"column":13}},"147":{"start":{"line":281,"column":16},"end":{"line":281,"column":29}},"148":{"start":{"line":284,"column":8},"end":{"line":284,"column":20}},"149":{"start":{"line":288,"column":0},"end":{"line":299,"column":2}},"150":{"start":{"line":289,"column":4},"end":{"line":298,"column":5}},"151":{"start":{"line":290,"column":8},"end":{"line":290,"column":48}},"152":{"start":{"line":291,"column":11},"end":{"line":298,"column":5}},"153":{"start":{"line":292,"column":8},"end":{"line":292,"column":26}},"154":{"start":{"line":293,"column":11},"end":{"line":298,"column":5}},"155":{"start":{"line":294,"column":8},"end":{"line":294,"column":39}},"156":{"start":{"line":296,"column":8},"end":{"line":297,"column":46}}},"branchMap":{"1":{"line":25,"type":"if","locations":[{"start":{"line":25,"column":4},"end":{"line":25,"column":4}},{"start":{"line":25,"column":4},"end":{"line":25,"column":4}}]},"2":{"line":32,"type":"if","locations":[{"start":{"line":32,"column":4},"end":{"line":32,"column":4}},{"start":{"line":32,"column":4},"end":{"line":32,"column":4}}]},"3":{"line":44,"type":"if","locations":[{"start":{"line":44,"column":4},"end":{"line":44,"column":4}},{"start":{"line":44,"column":4},"end":{"line":44,"column":4}}]},"4":{"line":49,"type":"if","locations":[{"start":{"line":49,"column":12},"end":{"line":49,"column":12}},{"start":{"line":49,"column":12},"end":{"line":49,"column":12}}]},"5":{"line":57,"type":"if","locations":[{"start":{"line":57,"column":8},"end":{"line":57,"column":8}},{"start":{"line":57,"column":8},"end":{"line":57,"column":8}}]},"6":{"line":69,"type":"binary-expr","locations":[{"start":{"line":69,"column":29},"end":{"line":69,"column":33}},{"start":{"line":69,"column":37},"end":{"line":69,"column":51}}]},"7":{"line":73,"type":"if","locations":[{"start":{"line":73,"column":8},"end":{"line":73,"column":8}},{"start":{"line":73,"column":8},"end":{"line":73,"column":8}}]},"8":{"line":74,"type":"if","locations":[{"start":{"line":74,"column":12},"end":{"line":74,"column":12}},{"start":{"line":74,"column":12},"end":{"line":74,"column":12}}]},"9":{"line":74,"type":"binary-expr","locations":[{"start":{"line":74,"column":15},"end":{"line":74,"column":26}},{"start":{"line":74,"column":30},"end":{"line":74,"column":40}}]},"10":{"line":77,"type":"if","locations":[{"start":{"line":77,"column":17},"end":{"line":77,"column":17}},{"start":{"line":77,"column":17},"end":{"line":77,"column":17}}]},"11":{"line":83,"type":"if","locations":[{"start":{"line":83,"column":8},"end":{"line":83,"column":8}},{"start":{"line":83,"column":8},"end":{"line":83,"column":8}}]},"12":{"line":87,"type":"binary-expr","locations":[{"start":{"line":87,"column":34},"end":{"line":87,"column":46}},{"start":{"line":87,"column":50},"end":{"line":87,"column":52}}]},"13":{"line":105,"type":"binary-expr","locations":[{"start":{"line":105,"column":18},"end":{"line":105,"column":31}},{"start":{"line":105,"column":35},"end":{"line":107,"column":1}}]},"14":{"line":119,"type":"cond-expr","locations":[{"start":{"line":119,"column":45},"end":{"line":119,"column":48}},{"start":{"line":119,"column":51},"end":{"line":119,"column":85}}]},"15":{"line":123,"type":"binary-expr","locations":[{"start":{"line":123,"column":9},"end":{"line":123,"column":20}},{"start":{"line":123,"column":25},"end":{"line":123,"column":41}}]},"16":{"line":134,"type":"if","locations":[{"start":{"line":134,"column":4},"end":{"line":134,"column":4}},{"start":{"line":134,"column":4},"end":{"line":134,"column":4}}]},"17":{"line":142,"type":"if","locations":[{"start":{"line":142,"column":8},"end":{"line":142,"column":8}},{"start":{"line":142,"column":8},"end":{"line":142,"column":8}}]},"18":{"line":165,"type":"if","locations":[{"start":{"line":165,"column":4},"end":{"line":165,"column":4}},{"start":{"line":165,"column":4},"end":{"line":165,"column":4}}]},"19":{"line":169,"type":"if","locations":[{"start":{"line":169,"column":4},"end":{"line":169,"column":4}},{"start":{"line":169,"column":4},"end":{"line":169,"column":4}}]},"20":{"line":169,"type":"binary-expr","locations":[{"start":{"line":169,"column":7},"end":{"line":169,"column":22}},{"start":{"line":169,"column":26},"end":{"line":169,"column":54}}]},"21":{"line":172,"type":"if","locations":[{"start":{"line":172,"column":9},"end":{"line":172,"column":9}},{"start":{"line":172,"column":9},"end":{"line":172,"column":9}}]},"22":{"line":181,"type":"if","locations":[{"start":{"line":181,"column":4},"end":{"line":181,"column":4}},{"start":{"line":181,"column":4},"end":{"line":181,"column":4}}]},"23":{"line":185,"type":"if","locations":[{"start":{"line":185,"column":4},"end":{"line":185,"column":4}},{"start":{"line":185,"column":4},"end":{"line":185,"column":4}}]},"24":{"line":185,"type":"binary-expr","locations":[{"start":{"line":185,"column":7},"end":{"line":185,"column":21}},{"start":{"line":185,"column":25},"end":{"line":185,"column":51}}]},"25":{"line":193,"type":"if","locations":[{"start":{"line":193,"column":4},"end":{"line":193,"column":4}},{"start":{"line":193,"column":4},"end":{"line":193,"column":4}}]},"26":{"line":206,"type":"if","locations":[{"start":{"line":206,"column":8},"end":{"line":206,"column":8}},{"start":{"line":206,"column":8},"end":{"line":206,"column":8}}]},"27":{"line":226,"type":"if","locations":[{"start":{"line":226,"column":8},"end":{"line":226,"column":8}},{"start":{"line":226,"column":8},"end":{"line":226,"column":8}}]},"28":{"line":238,"type":"cond-expr","locations":[{"start":{"line":239,"column":4},"end":{"line":241,"column":5}},{"start":{"line":242,"column":4},"end":{"line":265,"column":5}}]},"29":{"line":245,"type":"binary-expr","locations":[{"start":{"line":245,"column":20},"end":{"line":245,"column":30}},{"start":{"line":245,"column":34},"end":{"line":245,"column":35}}]},"30":{"line":247,"type":"if","locations":[{"start":{"line":247,"column":8},"end":{"line":247,"column":8}},{"start":{"line":247,"column":8},"end":{"line":247,"column":8}}]},"31":{"line":251,"type":"if","locations":[{"start":{"line":251,"column":8},"end":{"line":251,"column":8}},{"start":{"line":251,"column":8},"end":{"line":251,"column":8}}]},"32":{"line":253,"type":"if","locations":[{"start":{"line":253,"column":12},"end":{"line":253,"column":12}},{"start":{"line":253,"column":12},"end":{"line":253,"column":12}}]},"33":{"line":259,"type":"if","locations":[{"start":{"line":259,"column":12},"end":{"line":259,"column":12}},{"start":{"line":259,"column":12},"end":{"line":259,"column":12}}]},"34":{"line":267,"type":"if","locations":[{"start":{"line":267,"column":0},"en
[...]
"/home/travis/build/npmtest/node-npmtest-nunjucks/nunjucks/src/precompile-global.js","s":{"1":1,"2":0,"3":0,"4":0,"5":0,"6":0,"7":0,"8":0,"9":0,"10":0,"11":0,"12":1},"b":{"1":[0,0],"2":[0,0]},"f":{"1":0},"fnMap":{"1":{"name":"precompileGlobal","line":3,"loc":{"start":{"line":3,"column":0},"end":{"line":3,"column":43}}}},"statementMap":{"1":{"start":{"line":3,"column":0},"end":{"line":22,"column":1}},"2":{"start":{"line":4,"column":4},"end":{"line":4,"column":33}},"3":{"start":{"line":5,"column":4},"end":{"line":5,"column":22}},"4":{"start":{"line":7,"column":4},"end":{"line":20,"column":5}},"5":{"start":{"line":8,"column":8},"end":{"line":8,"column":49}},"6":{"start":{"line":9,"column":8},"end":{"line":9,"column":41}},"7":{"start":{"line":11,"column":8},"end":{"line":13,"column":72}},"8":{"start":{"line":15,"column":8},"end":{"line":17,"column":9}},"9":{"start":{"line":16,"column":12},"end":{"line":16,"column":99}},"10":{"start":{"line":19,"column":8},"end":{"line":19,"column":25}},"11":{"start":{"line":21,"column":4},"end":{"line":21,"column":15}},"12":{"start":{"line":24,"column":0},"end":{"line":24,"column":34}}},"branchMap":{"1":{"line":5,"type":"binary-expr","locations":[{"start":{"line":5,"column":11},"end":{"line":5,"column":15}},{"start":{"line":5,"column":19},"end":{"line":5,"column":21}}]},"2":{"line":15,"type":"if","locations":[{"start":{"line":15,"column":8},"end":{"line":15,"column":8}},{"start":{"line":15,"column":8},"end":{"line":15,"column":8}}]}},"code":["'use strict';","","function precompileGlobal(templates, opts) {","    var out = '', name, template;","    opts = opts || {};","","    for ( var i = 0; i < templates.length; i++ ) {","        name = JSON.stringify(templates[i].name);","        template = templates[i].template;","","        out += '(function() {' +","            '(window.nunjucksPrecompiled = window.nunjucksPrecompiled || {})' +","            '[' + name + '] = (function() {\\n' + template + '\\n})();\\n';","","        if(opts.asFunction) {","            out += 'return function(ctx, cb) { return nunjucks.render(' + name + ', ctx, cb); }\\n';","        }","","        out += '})();\\n';","    }","    return out;","}","","module.exports = precompileGlobal;",""],"l":{"3":1,"4":0,"5":0,"7":0,"8":0,"9":0,"11":0,"15":0,"16":0,"19":0,"21":0,"24":1}},"/home/travis/build/npmtest/node-npmtest-nunjucks/nunjucks/src/jinja-compat.js":{"path":"/home/travis/build/npmtest/node-npmtest-nunjucks/nunjucks/src/jinja-compat.js","s":{"1":1,"2":0,"3":0,"4":0,"5":0,"6":0,"7":0,"8":0,"9":0,"10":0,"11":0,"12":0,"13":0,"14":0,"15":0,"16":0,"17":0,"18":0,"19":0,"20":0,"21":0,"22":0,"23":0,"24":0,"25":0,"26":0,"27":0,"28":0,"29":0,"30":0,"31":0,"32":0,"33":0,"34":0,"35":0,"36":0,"37":0,"38":0,"39":0,"40":0,"41":0,"42":0,"43":0,"44":0,"45":0,"46":0,"47":0,"48":0,"49":0,"50":0,"51":0,"52":0,"53":0,"54":0,"55":0,"56":0,"57":0,"58":0,"59":0,"60":0,"61":0,"62":0,"63":0,"64":0,"65":0,"66":0,"67":0,"68":0,"69":0,"70":0,"71":0,"72":0,"73":0,"74":0,"75":0,"76":0,"77":0,"78":0,"79":0,"80":0,"81":0,"82":0,"83":0,"84":0,"85":0,"86":1},"b":{"1":[0,0],"2":[0,0,0],"3":[0,0],"4":[0,0],"5":[0,0],"6":[0,0],"7":[0,0],"8":[0,0],"9":[0,0],"10":[0,0],"11":[0,0],"12":[0,0],"13":[0,0],"14":[0,0],"15":[0,0],"16":[0,0],"17":[0,0],"18":[0,0],"19":[0,0]},"f":{"1":0,"2":0,"3":0,"4":0,"5":0,"6":0,"7":0,"8":0,"9":0,"10":0,"11":0,"12":0,"13":0,"14":0,"15":0,"16":0,"17":0,"18":0,"19":0,"20":0,"21":0},"fnMap":{"1":{"name":"installCompat","line":1,"loc":{"start":{"line":1,"column":0},"end":{"line":1,"column":25}}},"2":{"name":"(anonymous_2)","line":10,"loc":{"start":{"line":10,"column":33},"end":{"line":10,"column":63}}},"3":{"name":"(anonymous_3)","line":28,"loc":{"start":{"line":28,"column":9},"end":{"line":28,"column":25}}},"4":{"name":"(anonymous_4)","line":37,"loc":{"start":{"line":37,"column":12},"end":{"line":37,"column":30}}},"5":{"name":"(anonymous_5)","line":40,"loc":{"start":{"line":40,"column":12},"end":{"line":40,"column":30}}},"6":{"name":"(anonymous_6)","line":48,"loc":{"start":{"line":48,"column":11},"end":{"line":48,"column":29}}},"7":{"name":"(anonymous_7)","line":57,"loc":{"start":{"line":57,"column":11},"end":{"line":57,"column":29}}},"8":{"name":"(anonymous_8)","line":64,"loc":{"start":{"line":64,"column":10},"end":{"line":64,"column":28}}},"9":{"name":"(anonymous_9)","line":67,"loc":{"start":{"line":67,"column":12},"end":{"line":67,"column":34}}},"10":{"name":"(anonymous_10)","line":72,"loc":{"start":{"line":72,"column":11},"end":{"line":72,"column":22}}},"11":{"name":"(anonymous_11)","line":79,"loc":{"start":{"line":79,"column":12},"end":{"line":79,"column":23}}},"12":{"name":"(anonymous_12)","line":86,"loc":{"start":{"line":86,"column":10},"end":{"line":86,"column":21}}},"13":{"name":"(anonymous_13)","line":93,"loc":{"start":{"line":93,"column":9},"end":{"line":93,"column":28}}},"14":{"name":"(anonymous_14)","line":100,"loc":{"start":{"line":100,"column":13},"end":{"line":100,"column":27}}},"15":{"name":"(anonymous_15)","line":103,"loc":{"start":{"line":103,"column":9},"end":{"line":103,"column":28}}},"16":{"name":"(anonymous_16)","line":114,"loc":{"start":{"line":114,"column":13},"end":{"line":114,"column":24}}},"17":{"name":"(anonymous_17)","line":123,"loc":{"start":{"line":123,"column":16},"end":{"line":123,"column":35}}},"18":{"name":"(anonymous_18)","line":132,"loc":{"start":{"line":132,"column":12},"end":{"line":132,"column":29}}},"19":{"name":"(anonymous_19)","line":142,"loc":{"start":{"line":142,"column":25},"end":{"line":142,"column":56}}},"20":{"name":"(anonymous_20)","line":148,"loc":{"start":{"line":148,"column":13},"end":{"line":148,"column":24}}},"21":{"name":"(anonymous_21)","line":152,"loc":{"start":{"line":152,"column":13},"end":{"line":152,"column":24}}}},"statementMap":{"1":{"start":{"line":1,"column":0},"end":{"line":157,"column":1}},"2":{"start":{"line":6,"column":2},"end":{"line":6,"column":29}},"3":{"start":{"line":7,"column":2},"end":{"line":7,"column":21}},"4":{"start":{"line":9,"column":2},"end":{"line":9,"column":63}},"5":{"start":{"line":10,"column":2},"end":{"line":24,"column":4}},"6":{"start":{"line":11,"column":4},"end":{"line":11,"column":63}},"7":{"start":{"line":12,"column":4},"end":{"line":21,"column":5}},"8":{"start":{"line":13,"column":6},"end":{"line":20,"column":7}},"9":{"start":{"line":15,"column":8},"end":{"line":15,"column":20}},"10":{"start":{"line":17,"column":8},"end":{"line":17,"column":21}},"11":{"start":{"line":19,"column":8},"end":{"line":19,"column":20}},"12":{"start":{"line":23,"column":4},"end":{"line":23,"column":15}},"13":{"start":{"line":26,"column":2},"end":{"line":26,"column":47}},"14":{"start":{"line":27,"column":2},"end":{"line":70,"column":4}},"15":{"start":{"line":29,"column":6},"end":{"line":31,"column":7}},"16":{"start":{"line":30,"column":8},"end":{"line":30,"column":26}},"17":{"start":{"line":32,"column":6},"end":{"line":34,"column":7}},"18":{"start":{"line":33,"column":8},"end":{"line":33,"column":36}},"19":{"start":{"line":35,"column":6},"end":{"line":35,"column":35}},"20":{"start":{"line":38,"column":8},"end":{"line":38,"column":34}},"21":{"start":{"line":41,"column":6},"end":{"line":45,"column":7}},"22":{"start":{"line":42,"column":8},"end":{"line":44,"column":9}},"23":{"start":{"line":43,"column":10},"end":{"line":43,"column":35}},"24":{"start":{"line":46,"column":6},"end":{"line":46,"column":36}},"25":{"start":{"line":49,"column":6},"end":{"line":49,"column":20}},"26":{"start":{"line":50,"column":6},"end":{"line":54,"column":7}},"27":{"start":{"line":51,"column":8},"end":{"line":53,"column":9}},"28":{"start":{"line":52,"column":10},"end":{"line":52,"column":18}},"29":{"start":{"line":55,"column":6},"end":{"line":55,"column":19}},"30":{"start":{"line":58,"column":6},"end":{"line":58,"column":12}},"31":{"start":{"line":59,"column":6},"end":{"line":61,"column":7}},"32":{"start":{"line":60,"column":8},"end":{"line":60,"column":38}},"33":{"start":{"line":62,"column":6},"end":{"line":62,"column":15}},"34":{"start":{"line":65,"column":6},"end":{"line":65,"column":35}},"35":{"start":{"line":68,"column":6},"end":{"line":68,"column":41}},"36":{"start":{"line":71,"column":2},"end":{"line":138,"column":4}},"37":{"start":{"line":73,"column":6},"end":{"line":73,"column":19}},"38":{"start":{"line":74,"column":6},"end":{"line":76,"column":7}},"39":{"start":{"line":75,"column":8},"end":{"line":75,"column":31}},"40":{"start":{"line":77,"column":6},"end":{"line":77,"column":17}},"41":{"start":{"line":80,"column":6},"end":{"line":80,"column":19}},"42":{"start":{"line":81,"column":6},"end":{"line":83,"column":7}},"43":{"start":{"line":82,"column":8},"end":{"line":82,"column":26}},"44":{"start":{"line":84,"column":6},"end":{"line":84,"column":17}},"45":{"start":{"line":87,"column":6},"end":{"line":87,"column":19}},"46":{"start":{"line":88,"column":6},"end":{"line":90,"column":7}},"47":{"start":{"line":89,"column":8},"end":{"line":89,"column":20}},"48":{"start":{"line":91,"column":6},"end":{"line":91,"column":17}},"49":{"start":{"line":94,"column":6},"end":{"line":94,"column":29}},"50":{"start":{"line":95,"column":6},"end":{"line":97,"column":7}},"51":{"start":{"line":96,"column":8},"end":{"line":96,"column":21}},"52":{"start":{"line":98,"column":6},"end":{"line":98,"column":20}},"53":{"start":{"line":101,"column":6},"end":{"line":101,"column":38}},"54":{"start":{"line":104,"column":6},"end":{"line":104,"column":29}},"55":{"start":{"line":105,"column":6},"end":{"line":111,"column":7}},"56":{"start":{"line":106,"column":8},"end":{"line":106,"column":21}},"57":{"start":{"line":107,"column":13},"end":{"line":111,"column":7}},"58":{"start":{"line":108,"column":8},"end":{"line":108,"column":36}},"59":{"start":{"line":110,"column":8},"end":{"line":110,"column":25}},"60":{"start":{"line":112,"column":6},"end":{"line":112,"column":20}},"61":{"start":{"line":115,"column":6},"end":{"line":120,"column":7}},"62":{"start":{"line":117,"column":8},"end":{"line":117,"column":26}},"63":{"start":{"line":118,"column":8},"end":{"line":118,"column":23}},"64":{"start":{"line":119,"column":8},"end":{"line":119,"column":24}},"65":{"start":{"line":121,"column":6},"end":{"line":121,"column":34}},"66":{"start":{"line":124,"column":6},"end":{"line":126,"column":7}},"67":{"start":{"line":125,"column":8},"end":{"line":125,"column":25}},"68":{"start":{"line":127,"column":6},"end":{"line":129,"column":7}},"69":{"start":{"line":128,"column":8},"end":{"line":128,"column":19}},"70":{"start":{"line":130,"column":6},"end":{"line":130,"column":29}},"71":{"start":{"line":133,"column":6},"end":{"line":135,"column":7}},"72":{"start":{"line":134,"column":8},"end":{"line":134,"column":28}},"73":{"start":{"line":136,"column":6},"end":{"line":136,"column":18}},"74":{"start":{"line":139,"column":2},"end":{"line":139,"column":50}},"75":{"start":{"line":140,"column":2},"end":{"line":140,"column":52}},"76":{"start":{"line":141,"column":2},"end":{"line":141,"column":48}},"77":{"start":{"line":142,"column":2},"end":{"line":156,"column":4}},"78":{"start":{"line":143,"column":4},"end":{"line":143,"column":20}},"79":{"start":{"line":147,"column":4},"end":{"line":149,"column":5}},"80":{"start":{"line":148,"column":6},"end":{"line":148,"column":75}},"81":{"start":{"line":148,"column":25},"end":{"line":148,"column":73}},"82":{"start":{"line":151,"column":4},"end":{"line":153,"column":5}},"83":{"start":{"line":152,"column":6},"end":{"line":152,"column":76}},"84":{"start":{"line":152,"column":25},"end":{"line":152,"column":74}},"85":{"start":{"line":155,"column":4},"end":{"line":155,"column":52}},"86":{"start":{"line":159,"column":0},"end":{"line":159,"column":31}}},"branchMap":{"1":{"line":12,"type":"if","locations":[{"start":{"line":12,"column":4},"end":{"line":12,"column":4}},{"start":{"line":12,"column":4},"end":{"line":12,"column":4}}]},"2":{"line":13,"type":"switch","locations":[{"start":{"line":14,"column":6},"end":{"line":15,"column":20}},{"start":{"line":16,"column":6},"end":{"line":17,"column":21}},{"start":{"line":18,"column":6},"end":{"line":19,"column":20}}]},"3":{"line":29,"type":"if","locations":[{"start":{"line":29,"column":6},"end":{"line":29,"column":6}},{"start":{"line":29,"column":6},"end":{"line":29,"column":6}}]},"4":{"line":32,"type":"if","locations":[{"start":{"line":32,"column":6},"end":{"line":32,"column":6}},{"start":{"line":32,"column":6},"end":{"line":32,"column":6}}]},"5":{"line":32,"type":"binary-expr","locations":[{"start":{"line":32,"column":10},"end":{"line":32,"column":30}},{"start":{"line":32,"column":34},"end":{"line":32,"column":43}}]},"6":{"line":42,"type":"if","locations":[{"start":{"line":42,"column":8},"end":{"line":42,"column":8}},{"start":{"line":42,"column":8},"end":{"line":42,"column":8}}]},"7":{"line":51,"type":"if","locations":[{"start":{"line":51,"column":8},"end":{"line":51,"column":8}},{"start":{"line":51,"column":8},"end":{"line":51,"column":8}}]},"8":{"line":59,"type":"if","locations":[{"start":{"line":59,"column":6},"end":{"line":59,"column":6}},{"start":{"line":59,"column":6},"end":{"line":59,"column":6}}]},"9":{"line":95,"type":"if","locations":[{"start":{"line":95,"column":6},"end":{"line":95,"column":6}},{"start":{"line":95,"column":6},"end":{"line":95,"column":6}}]},"10":{"line":105,"type":"if","locations":[{"start":{"line":105,"column":6},"end":{"line":105,"column":6}},{"start":{"line":105,"column":6},"end":{"line":105,"column":6}}]},"11":{"line":105,"type":"binary-expr","locations":[{"start":{"line":105,"column":10},"end":{"line":105,"column":30}},{"start":{"line":105,"column":34},"end":{"line":105,"column":51}}]},"12":{"line":107,"type":"if","locations":[{"start":{"line":107,"column":13},"end":{"line":107,"column":13}},{"start":{"line":107,"column":13},"end":{"line":107,"column":13}}]},"13":{"line":124,"type":"if","locations":[{"start":{"line":124,"column":6},"end":{"line":124,"column":6}},{"start":{"line":124,"column":6},"end":{"line":124,"column":6}}]},"14":{"line":127,"type":"if","locations":[{"start":{"line":127,"column":6},"end":{"line":127,"column":6}},{"start":{"line":127,"column":6},"end":{"line":127,"column":6}}]},"15":{"line":143,"type":"binary-expr","locations":[{"start":{"line":143,"column":10},"end":{"line":143,"column":13}},{"start":{"line":143,"column":17},"end":{"line":143,"column":19}}]},"16":{"line":147,"type":"if","locations":[{"start":{"line":147,"column":4},"end":{"line":147,"column":4}},{"start":{"line":147,"column":4},"end":{"line":147,"column":4}}]},"17":{"line":147,"type":"binary-expr","locations":[{"start":{"line":147,"column":8},"end":{"line":147,"column":24}},{"start":{"line":147,"column":28},"end":{"line":147,"column":61}}]},"18":{"line":151,"type":"if","locations":[{"start":{"line":151,"column":4},"end":{"line":151,"column":4}},{"start":{"line":151,"column":4},"end":{"line":151,"column":4}}]},"19":{"line":151,"type":"binary-expr","locations":[{"start":{"line":151,"column":8},"end":{"line":151,"column":25}},{"start":{"line":151,"column":29},"end":{"line":151,"column":63}}]}},"code":["function installCompat() {","  'use strict';","","  // This must be called like `nunjucks.installCompat` so that `this`","  // references the nunjucks instance","  var runtime = this.runtime; // jshint ignore:line","  var lib = this.lib; // jshint ignore:line","","  var orig_contextOrFrameLookup = runtime.contextOrFrameLookup;","  runtime.contextOrFrameLookup = function(context, frame, key) {","    var val = orig_contextOrFrameLookup.apply(this, arguments);","    if (val === undefined) {","      switch (key) {","      case 'True':","        return true;","      case 'False':","        return false;","      case 'None':","        return null;","      }","    }","","    return val;","  };","","  var orig_memberLookup = runtime.memberLookup;","  var ARRAY_MEMBERS = {","    pop: function(index) {","      if (index === undefined) {","        return this.pop();","      }","      if (index >= this.length || index < 0) {","        throw new Error('KeyError');","      }","      return this.splice(index, 1);","    },","    append: function(element) {","        return this.push(element);","    },","    remove: function(element) {","      for (var i = 0; i < this.length; i++) {","        if (this[i] === element) {","          return this.splice(i, 1);","        }","      }","      throw new Error('ValueError');","    },","    count: function(element) {","      var count = 0;","      for (var i = 0; i < this.length; i++) {","        if (this[i] === element) {","          count++;","        }","      }","      return count;","    },","    index: function(element) {","      var i;","      if ((i = this.indexOf(element)) === -1) {","        throw new Error('ValueError');","      }","      return i;","    },","    find: function(element) {","      return this.indexOf(element);","    },","    insert: function(index, elem) {","      return this.splice(index, 0, elem);","    }","  };","  var OBJECT_MEMBERS = {","    items: function() {","      var ret = [];","      for(var k in this) {","        ret.push([k, this[k]]);","      }","      return ret;","    },","    values: function() {","      var ret = [];","      for(var k in this) {","        ret.push(this[k]);","      }","      return ret;","    },","    keys: function() {","      var ret = [];","      for(var k in this) {","        ret.push(k);","      }","      return ret;","    },","    get: function(key, def) {","      var output = this[key];","      if (output === undefined) {","        output = def;","      }","      return output;","    },","    has_key: function(key) {","      return this.hasOwnProperty(key);","    },","    pop: function(key, def) {","      var output = this[key];","      if (output === undefined && def !== undefined) {","        output = def;","      } else if (output === undefined) {","        throw new Error('KeyError');","      } else {","        delete this[key];","      }","      return output;","    },","    popitem: function() {","      for (var k in this) {","        // Return the first object pair.","        var val = this[k];","        delete this[k];","        return [k, val];","      }","      throw new Error('KeyError');","    },","    setdefault: function(key, def) {","      if (key in this) {","        return this[key];","      }","      if (def === undefined) {","        def = null;","      }","      return this[key] = def;","    },","    update: function(kwargs) {","      for (var k in kwargs) {","        this[k] = kwargs[k];","      }","      return null;  // Always returns None","    }","  };","  OBJECT_MEMBERS.iteritems = OBJECT_MEMBERS.items;","  OBJECT_MEMBERS.itervalues = OBJECT_MEMBERS.values;","  OBJECT_MEMBERS.iterkeys = OBJECT_MEMBERS.keys;","  runtime.memberLookup = function(obj, val, autoescape) { // jshint ignore:line","    obj = obj || {};","","    // If the object is an object, return any of the methods that Python would","    // otherwise provide.","    if (lib.isArray(obj) && ARRAY_MEMBERS.hasOwnProperty(val)) {","      return function() {return ARRAY_MEMBERS[val].apply(obj, arguments);};","    }","","    if (lib.isObject(obj) && OBJECT_MEMBERS.hasOwnProperty(val)) {","      return function() {return OBJECT_MEMBERS[val].apply(obj, arguments);};","    }","","    return orig_memberLookup.apply(this, arguments);","  };","}","","module.exports = installCompat;",""],"l":{"1":1,"6":0,"7":0,"9":0,"10":0,"11":0,"12":0,"13":0,"15":0,"17":0,"19":0,"23":0,"26":0,"27":0,"29":0,"30":0,"32":0,"33":0,"35":0,"38":0,"41":0,"42":0,"43":0,"46":0,"49":0,"50":0,"51":0,"52":0,"55":0,"58":0,"59":0,"60":0,"62":0,"65":0,"68":0,"71":0,"73":0,"74":0,"75":0,"77":0,"80":0,"81":0,"82":0,"84":0,"87":0,"88":0,"89":0,"91":0,"94":0,"95":0,"96":0,"98":0,"101":0,"104":0,"105":0,"106":0,"107":0,"108":0,"110":0,"112":0,"115":0,"117":0,"118":0,"119":0,"121":0,"124":0,"125":0,"127":0,"128":0,"130":0,"133":0,"134":0,"136":0,"139":0,"140":0,"141":0,"142":0,"143":0,"147":0,"148":0,"151":0,"152":0,"155":0,"159":1}}}